TN:
SF:scripts/terrain-tileset/battle-art-golden-hashes.ts
FNF:0
FNH:0
DA:12,2
LF:1
LH:1
BRF:0
BRH:0
end_of_record
TN:
SF:scripts/terrain-tileset/terrain-tileset.ts
FN:56,atlasIndicesInRow
FN:72,(anonymous_1)
FN:80,(anonymous_2)
FN:83,(anonymous_3)
FN:92,atlasIndexToTileId
FN:115,tileIdToAtlasIndex
FN:132,tileIdToGid
FN:137,gidToTileId
FN:156,buildTerrainTilesetImage
FN:185,buildTerrainTilesetXml
FNF:10
FNH:10
FNDA:15,atlasIndicesInRow
FNDA:12,(anonymous_1)
FNDA:87,(anonymous_2)
FNDA:87,(anonymous_3)
FNDA:15,atlasIndexToTileId
FNDA:1618,tileIdToAtlasIndex
FNDA:5,tileIdToGid
FNDA:5,gidToTileId
FNDA:1,buildTerrainTilesetImage
FNDA:4,buildTerrainTilesetXml
DA:27,3
DA:30,3
DA:31,3
DA:32,3
DA:36,3
DA:39,3
DA:46,3
DA:49,3
DA:50,3
DA:53,3
DA:54,3
DA:60,15
DA:61,15
DA:62,87
DA:64,15
DA:71,3
DA:73,12
DA:79,3
DA:80,87
DA:82,3
DA:83,87
DA:93,15
DA:98,4
DA:100,11
DA:101,11
DA:102,7
DA:104,4
DA:116,1618
DA:117,1478
DA:119,140
DA:120,140
DA:121,38
DA:123,102
DA:129,3
DA:133,5
DA:138,5
DA:157,1
DA:161,1
DA:163,1552
DA:164,1552
DA:166,51
DA:169,1501
DA:170,1501
DA:171,1501
DA:172,60040
DA:173,60040
DA:174,60040
DA:181,1
DA:186,4
LF:49
LH:49
BRDA:93,0,0,4
BRDA:93,0,1,11
BRDA:94,1,0,15
BRDA:94,1,1,15
BRDA:94,1,2,15
BRDA:101,2,0,7
BRDA:101,2,1,4
BRDA:116,3,0,1478
BRDA:116,3,1,140
BRDA:116,4,0,1618
BRDA:116,4,1,1618
BRDA:116,4,2,1618
BRDA:120,5,0,38
BRDA:120,5,1,102
BRF:14
BRH:14
end_of_record
TN:
SF:src/app.tsx
FN:9,App
FNF:1
FNH:1
FNDA:1,App
DA:10,1
LF:1
LH:1
BRF:0
BRH:0
end_of_record
TN:
SF:src/components/debug-overlay.tsx
FN:70,DebugOverlay
FN:100,(anonymous_1)
FN:100,(anonymous_2)
FN:108,(anonymous_3)
FN:114,(anonymous_4)
FNF:5
FNH:5
FNDA:5,DebugOverlay
FNDA:2,(anonymous_1)
FNDA:2,(anonymous_2)
FNDA:10,(anonymous_3)
FNDA:1,(anonymous_4)
DA:76,5
DA:77,5
DA:79,5
DA:100,2
DA:109,10
DA:114,1
LF:6
LH:6
BRDA:81,0,0,5
BRDA:81,0,1,5
BRDA:93,1,0,0
BRDA:93,1,1,5
BRDA:103,2,0,2
BRDA:103,2,1,3
BRDA:106,3,0,5
BRDA:106,3,1,2
BRF:8
BRH:7
end_of_record
TN:
SF:src/components/game-canvas.tsx
FN:59,drawTiledMap
FN:120,drawGrid
FN:161,GameCanvas
FN:182,(anonymous_3)
FN:183,(anonymous_4)
FN:187,(anonymous_5)
FN:198,(anonymous_6)
FN:203,(anonymous_7)
FN:223,(anonymous_8)
FN:225,(anonymous_9)
FN:258,(anonymous_10)
FN:265,(anonymous_11)
FN:291,(anonymous_12)
FN:346,(anonymous_13)
FN:452,(anonymous_14)
FN:467,(anonymous_15)
FN:470,(anonymous_16)
FN:498,(anonymous_17)
FN:518,(anonymous_18)
FN:562,(anonymous_19)
FN:576,(anonymous_20)
FN:580,(anonymous_21)
FN:581,(anonymous_22)
FNF:23
FNH:12
FNDA:0,drawTiledMap
FNDA:0,drawGrid
FNDA:3,GameCanvas
FNDA:2,(anonymous_3)
FNDA:2,(anonymous_4)
FNDA:3,(anonymous_5)
FNDA:3,(anonymous_6)
FNDA:3,(anonymous_7)
FNDA:0,(anonymous_8)
FNDA:3,(anonymous_9)
FNDA:0,(anonymous_10)
FNDA:0,(anonymous_11)
FNDA:0,(anonymous_12)
FNDA:0,(anonymous_13)
FNDA:0,(anonymous_14)
FNDA:2,(anonymous_15)
FNDA:2,(anonymous_16)
FNDA:0,(anonymous_17)
FNDA:0,(anonymous_18)
FNDA:0,(anonymous_19)
FNDA:3,(anonymous_20)
FNDA:1,(anonymous_21)
FNDA:1,(anonymous_22)
DA:48,2
DA:63,0
DA:64,0
DA:65,0
DA:69,0
DA:71,0
DA:101,0
DA:102,0
DA:103,0
DA:104,0
DA:105,0
DA:109,0
DA:121,0
DA:122,0
DA:123,0
DA:125,0
DA:126,0
DA:128,0
DA:170,3
DA:171,3
DA:172,3
DA:173,3
DA:174,3
DA:177,3
DA:178,3
DA:182,3
DA:183,3
DA:187,3
DA:188,3
DA:189,3
DA:190,3
DA:191,3
DA:192,3
DA:197,3
DA:198,3
DA:199,3
DA:200,3
DA:203,3
DA:204,3
DA:205,3
DA:206,0
DA:209,3
DA:222,3
DA:223,3
DA:225,3
DA:226,3
DA:227,3
DA:238,3
DA:239,1
DA:240,1
DA:243,2
DA:244,2
DA:246,2
DA:251,2
DA:252,2
DA:256,2
DA:257,2
DA:258,2
DA:259,0
DA:265,2
DA:266,0
DA:279,2
DA:280,2
DA:286,2
DA:291,3
DA:292,0
DA:298,3
DA:305,3
DA:307,3
DA:308,0
DA:309,0
DA:310,0
DA:316,0
DA:324,2
DA:325,2
DA:326,0
DA:328,2
DA:333,2
DA:338,2
DA:339,0
DA:340,0
DA:341,0
DA:342,0
DA:343,0
DA:346,2
DA:351,2
DA:361,3
DA:362,0
DA:363,0
DA:365,0
DA:376,2
DA:378,3
DA:379,3
DA:380,3
DA:390,3
DA:391,3
DA:393,3
DA:404,3
DA:420,3
DA:421,3
DA:422,3
DA:427,3
DA:428,0
DA:430,2
DA:435,2
DA:440,2
DA:445,2
DA:447,2
DA:452,2
DA:453,0
DA:454,0
DA:455,0
DA:456,0
DA:459,0
DA:460,0
DA:461,0
DA:463,0
DA:466,2
DA:467,2
DA:470,2
DA:471,2
DA:472,2
DA:473,2
DA:478,0
DA:483,0
DA:486,2
DA:487,2
DA:492,2
DA:493,2
DA:495,2
DA:496,2
DA:498,2
DA:499,0
DA:500,0
DA:502,0
DA:504,0
DA:505,0
DA:507,0
DA:510,0
DA:511,0
DA:513,0
DA:518,0
DA:519,0
DA:520,0
DA:522,0
DA:523,0
DA:528,0
DA:552,0
DA:562,2
DA:564,0
DA:565,0
DA:566,0
DA:567,0
DA:573,2
DA:576,3
DA:577,3
DA:578,3
DA:579,3
DA:580,3
DA:581,3
DA:584,3
DA:585,3
DA:586,3
DA:587,3
DA:588,3
DA:589,3
DA:590,3
DA:591,2
DA:592,2
DA:596,2
DA:601,3
LF:171
LH:106
BRDA:197,0,0,0
BRDA:197,0,1,3
BRDA:205,1,0,0
BRDA:205,1,1,3
BRDA:238,2,0,1
BRDA:238,2,1,2
BRDA:289,3,0,2
BRDA:289,3,1,2
BRDA:292,4,0,0
BRDA:292,4,1,0
BRDA:307,5,0,0
BRDA:307,5,1,3
BRDA:325,6,0,0
BRDA:325,6,1,2
BRDA:338,7,0,0
BRDA:338,7,1,2
BRDA:351,8,0,0
BRDA:351,8,1,2
BRDA:361,9,0,0
BRDA:361,9,1,3
BRDA:362,10,0,0
BRDA:362,10,1,0
BRDA:376,11,0,0
BRDA:376,11,1,2
BRDA:427,12,0,0
BRDA:427,12,1,3
BRDA:459,13,0,0
BRDA:459,13,1,0
BRDA:473,14,0,0
BRDA:473,14,1,2
BRDA:481,15,0,0
BRDA:481,15,1,0
BRDA:504,16,0,0
BRDA:504,16,1,0
BRDA:510,17,0,0
BRDA:510,17,1,0
BRDA:519,18,0,0
BRDA:519,18,1,0
BRDA:523,19,0,0
BRDA:523,19,1,0
BRDA:528,20,0,0
BRDA:528,20,1,0
BRDA:528,21,0,0
BRDA:528,21,1,0
BRDA:534,22,0,0
BRDA:534,22,1,0
BRDA:543,23,0,0
BRDA:543,23,1,0
BRDA:544,24,0,0
BRDA:544,24,1,0
BRDA:546,25,0,0
BRDA:546,25,1,0
BRDA:547,26,0,0
BRDA:547,26,1,0
BRDA:590,27,0,2
BRDA:590,27,1,1
BRF:56
BRH:16
end_of_record
TN:
SF:src/components/unit-info-tooltip.tsx
FN:15,UnitInfoTooltip
FNF:1
FNH:1
FNDA:6,UnitInfoTooltip
DA:20,6
DA:21,1
DA:24,5
LF:3
LH:3
BRDA:20,0,0,1
BRDA:20,0,1,5
BRDA:20,1,0,6
BRDA:20,1,1,5
BRDA:26,2,0,5
BRDA:26,2,1,5
BRDA:33,3,0,6
BRDA:33,3,1,5
BRDA:39,4,0,6
BRDA:39,4,1,5
BRDA:45,5,0,6
BRDA:45,5,1,5
BRDA:51,6,0,6
BRDA:51,6,1,0
BRDA:58,7,0,6
BRDA:58,7,1,5
BRDA:61,8,0,0
BRDA:61,8,1,5
BRDA:64,9,0,6
BRDA:64,9,1,5
BRDA:66,10,0,6
BRDA:66,10,1,5
BRDA:68,11,0,6
BRDA:68,11,1,5
BRDA:70,12,0,6
BRDA:70,12,1,5
BRDA:72,13,0,6
BRDA:72,13,1,5
BRDA:75,14,0,1
BRDA:75,14,1,4
BRDA:75,15,0,1
BRDA:75,15,1,0
BRDA:75,16,0,1
BRDA:75,16,1,0
BRDA:79,17,0,2
BRDA:79,17,1,3
BRDA:80,18,0,1
BRDA:80,18,1,1
BRF:38
BRH:34
end_of_record
TN:
SF:src/game/game-loop.ts
FN:48,tick
FN:53,accumulatedTime
FN:63,advance
FN:79,reset
FN:41,constructor
FNF:5
FNH:5
FNDA:9,tick
FNDA:5,accumulatedTime
FNDA:79,advance
FNDA:1,reset
FNDA:12,constructor
DA:2,5
DA:10,5
DA:34,12
DA:35,12
DA:37,12
DA:38,12
DA:39,12
DA:42,12
DA:43,12
DA:44,12
DA:49,9
DA:54,5
DA:66,79
DA:68,79
DA:69,79
DA:70,259
DA:71,259
DA:72,259
DA:73,259
DA:75,79
DA:80,1
DA:81,1
LF:22
LH:22
BRDA:43,0,0,12
BRDA:43,0,1,4
BRDA:44,1,0,12
BRDA:44,1,1,8
BRF:4
BRH:4
end_of_record
TN:
SF:src/game/combat/attack-cell.ts
FN:17,cellSteps
FN:57,findAttackCell
FNF:2
FNH:2
FNDA:11061,cellSteps
FNDA:1996,findAttackCell
DA:18,11061
DA:64,1996
DA:66,1996
DA:67,6748
DA:68,28612
DA:69,1996
DA:71,26616
DA:72,3679
DA:75,22937
DA:76,22937
DA:79,22937
DA:80,22937
DA:81,4205
DA:82,4205
DA:87,1996
LF:15
LH:15
BRDA:68,0,0,1996
BRDA:68,0,1,26616
BRDA:68,1,0,28612
BRDA:68,1,1,6748
BRDA:71,2,0,3679
BRDA:71,2,1,22937
BRDA:80,3,0,4205
BRDA:80,3,1,18732
BRF:8
BRH:8
end_of_record
TN:
SF:src/game/combat/attack-order.ts
FN:30,issueAttackOrder
FN:62,cancelAttackOrder
FNF:2
FNH:2
FNDA:11,issueAttackOrder
FNDA:62,cancelAttackOrder
DA:31,11
DA:33,11
DA:34,11
DA:35,11
DA:36,11
DA:38,11
DA:39,4
DA:40,4
DA:63,62
DA:64,62
DA:65,4
LF:11
LH:11
BRDA:38,0,0,4
BRDA:38,0,1,7
BRDA:64,1,0,4
BRDA:64,1,1,58
BRF:4
BRH:4
end_of_record
TN:
SF:src/game/combat/fire-projectile.ts
FN:39,fireProjectile
FNF:1
FNH:1
FNDA:4,fireProjectile
DA:15,7
DA:18,7
DA:45,4
DA:46,4
DA:47,4
DA:48,4
DA:53,4
DA:61,4
DA:63,4
LF:9
LH:9
BRDA:53,0,0,4
BRDA:53,0,1,0
BRF:2
BRH:1
end_of_record
TN:
SF:src/game/data/spawn.ts
FN:42,resetEntityIdCounter
FN:52,allocateEntityId
FN:72,spawnUnit
FN:133,cellPosition
FNF:4
FNH:4
FNDA:9,resetEntityIdCounter
FNDA:4,allocateEntityId
FNDA:1490,spawnUnit
FNDA:1466,cellPosition
DA:11,14
DA:28,14
DA:36,14
DA:39,14
DA:43,9
DA:53,4
DA:77,1490
DA:79,1490
DA:98,1490
DA:99,1486
DA:101,1490
DA:102,1486
DA:104,1490
DA:105,1486
DA:107,1490
DA:108,1486
DA:110,1490
DA:111,1486
DA:116,1490
DA:117,488
DA:125,1490
DA:126,750
DA:129,1490
DA:134,1466
LF:24
LH:24
BRDA:98,0,0,1486
BRDA:98,0,1,4
BRDA:101,1,0,1486
BRDA:101,1,1,4
BRDA:104,2,0,1486
BRDA:104,2,1,4
BRDA:107,3,0,1486
BRDA:107,3,1,4
BRDA:110,4,0,1486
BRDA:110,4,1,4
BRDA:116,5,0,488
BRDA:116,5,1,1002
BRDA:125,6,0,750
BRDA:125,6,1,740
BRF:14
BRH:14
end_of_record
TN:
SF:src/game/data/units.ts
FNF:0
FNH:0
DA:53,14
LF:1
LH:1
BRF:0
BRH:0
end_of_record
TN:
SF:src/game/data/units/crossbowsoldier.json
FNF:0
FNH:0
DA:1,15
DA:2,15
DA:3,15
DA:4,15
DA:5,15
DA:6,15
DA:7,15
DA:8,15
DA:9,15
DA:10,15
DA:11,15
DA:12,15
DA:13,15
DA:14,15
LF:14
LH:14
BRF:0
BRH:0
end_of_record
TN:
SF:src/game/data/units/knight.json
FNF:0
FNH:0
DA:1,15
DA:2,15
DA:3,15
DA:4,15
DA:5,15
DA:6,15
DA:7,15
DA:8,15
DA:9,15
DA:10,15
DA:11,15
DA:12,15
DA:13,15
LF:13
LH:13
BRF:0
BRH:0
end_of_record
TN:
SF:src/game/data/units/swordsmen.json
FNF:0
FNH:0
DA:1,15
DA:2,15
DA:3,15
DA:4,15
DA:5,15
DA:6,15
DA:7,15
DA:8,15
DA:9,15
DA:10,15
DA:11,15
DA:12,15
DA:13,15
LF:13
LH:13
BRF:0
BRH:0
end_of_record
TN:
SF:src/game/ecs/system.ts
FN:25,add
FN:31,order
FN:36,run
FN:20,constructor
FNF:4
FNH:4
FNDA:23,add
FNDA:2,order
FNDA:4,run
FNDA:7,constructor
DA:18,7
DA:21,7
DA:26,23
DA:27,23
DA:32,2
DA:37,4
DA:38,6
LF:7
LH:7
BRDA:20,0,0,7
BRF:1
BRH:1
end_of_record
TN:
SF:src/game/ecs/world.ts
FN:14,createQueries
FN:92,findEntityById
FNF:2
FNH:2
FNDA:289,createQueries
FNDA:10939,findEntityById
DA:15,289
DA:93,10939
DA:94,13464
DA:95,10936
DA:98,3
DA:102,28
DA:105,28
LF:7
LH:7
BRDA:94,0,0,10936
BRDA:94,0,1,2528
BRF:2
BRH:2
end_of_record
TN:
SF:src/game/map/load-tiled-map.ts
FN:22,isTerrainType
FN:48,constructor
FN:54,findLayer
FN:60,(anonymous_3)
FN:65,parseSpawns
FN:66,(anonymous_5)
FN:80,parseTerrain
FN:124,parseTiledMap
FN:162,parseTiledTileset
FN:185,fetchText
FN:197,loadTiledMap
FNF:11
FNH:11
FNDA:6,isTerrainType
FNDA:5,constructor
FNDA:10,findLayer
FNDA:14,(anonymous_3)
FNDA:2,parseSpawns
FNDA:4,(anonymous_5)
FNDA:4,parseTerrain
FNDA:7,parseTiledMap
FNDA:2,parseTiledTileset
FNDA:2,fetchText
FNDA:1,loadTiledMap
DA:14,3
DA:16,3
DA:23,6
DA:49,5
DA:50,5
DA:59,10
DA:61,14
DA:66,2
DA:67,4
DA:68,0
DA:73,4
DA:85,4
DA:86,1
DA:90,3
DA:91,0
DA:96,3
DA:97,3
DA:99,3
DA:100,130
DA:101,130
DA:102,8258
DA:103,8258
DA:104,8258
DA:105,8258
DA:106,1
DA:110,8257
DA:111,8257
DA:113,129
DA:116,2
DA:128,7
DA:129,1
DA:134,6
DA:135,6
DA:136,2
DA:139,4
DA:140,4
DA:141,0
DA:144,4
DA:145,4
DA:147,4
DA:163,2
DA:164,2
DA:165,0
DA:168,2
DA:169,2
DA:170,6
DA:171,6
DA:172,6
DA:176,6
DA:177,0
DA:179,6
DA:182,2
DA:186,2
DA:187,2
DA:188,0
DA:190,2
DA:198,1
DA:200,1
DA:201,1
DA:202,0
DA:205,1
DA:206,1
DA:208,1
DA:209,1
DA:210,3
DA:213,1
LF:66
LH:59
BRDA:61,0,0,14
BRDA:61,0,1,8
BRDA:67,1,0,0
BRDA:67,1,1,4
BRDA:85,2,0,1
BRDA:85,2,1,3
BRDA:85,3,0,4
BRDA:85,3,1,3
BRDA:90,4,0,0
BRDA:90,4,1,3
BRDA:105,5,0,1
BRDA:105,5,1,8257
BRDA:111,6,0,1253
BRDA:111,6,1,7004
BRDA:128,7,0,1
BRDA:128,7,1,6
BRDA:135,8,0,2
BRDA:135,8,1,4
BRDA:140,9,0,0
BRDA:140,9,1,4
BRDA:164,10,0,0
BRDA:164,10,1,2
BRDA:171,11,0,0
BRDA:171,11,1,6
BRDA:176,12,0,0
BRDA:176,12,1,6
BRDA:176,13,0,6
BRDA:176,13,1,6
BRDA:176,13,2,6
BRDA:187,14,0,0
BRDA:187,14,1,2
BRDA:201,15,0,0
BRDA:201,15,1,1
BRDA:201,16,0,1
BRDA:201,16,1,1
BRF:35
BRH:27
end_of_record
TN:
SF:src/game/maps/index.ts
FN:16,(anonymous_0)
FN:34,resolveMap
FN:44,(anonymous_2)
FNF:3
FNH:3
FNDA:2,(anonymous_0)
FNDA:3,resolveMap
FNDA:2,(anonymous_2)
DA:6,2
DA:16,2
DA:37,3
DA:38,3
DA:40,3
DA:41,2
DA:44,2
DA:48,1
LF:8
LH:8
BRDA:37,0,0,3
BRDA:37,0,1,1
BRDA:40,1,0,2
BRDA:40,1,1,1
BRF:4
BRH:4
end_of_record
TN:
SF:src/game/navigation/move-order.ts
FN:41,planMoveOrder
FN:82,applyMoveOrder
FNF:2
FNH:2
FNDA:74,planMoveOrder
FNDA:57,applyMoveOrder
DA:46,74
DA:47,16
DA:53,58
DA:54,58
DA:55,4
DA:58,54
DA:83,57
DA:84,4
DA:87,53
DA:88,53
DA:89,53
DA:91,53
DA:96,4
DA:97,4
DA:98,4
DA:100,4
DA:102,15
DA:103,15
DA:105,34
DA:106,34
LF:20
LH:20
BRDA:46,0,0,16
BRDA:46,0,1,58
BRDA:54,1,0,4
BRDA:54,1,1,54
BRDA:58,2,0,4
BRDA:58,2,1,50
BRDA:83,3,0,4
BRDA:83,3,1,53
BRDA:91,4,0,4
BRDA:91,4,1,15
BRDA:91,4,2,34
BRDA:96,5,0,4
BRDA:96,5,1,0
BRF:13
BRH:12
end_of_record
TN:
SF:src/game/navigation/occupancy-grid.ts
FN:69,claimOccupantId
FN:78,indexOf
FN:95,indexAtWorld
FN:100,indexAt
FN:105,colRowOf
FN:113,centreOf
FN:121,isTerrainBlocked
FN:129,occupantAt
FN:141,isAvailableFor
FN:154,reserve
FN:167,release
FN:189,asBlockedGridExcluding
FN:201,clear
FN:60,constructor
FN:216,findNearestAvailableCell
FN:227,(anonymous_15)
FNF:16
FNH:16
FNDA:77,claimOccupantId
FNDA:61516,indexOf
FNDA:54745,indexAtWorld
FNDA:51127,indexAt
FNDA:2,colRowOf
FNDA:61,centreOf
FNDA:4851,isTerrainBlocked
FNDA:103,occupantAt
FNDA:6071,isAvailableFor
FNDA:242,reserve
FNDA:304,release
FNDA:20,asBlockedGridExcluding
FNDA:1,clear
FNDA:70,constructor
FNDA:32,findNearestAvailableCell
FNDA:2242,(anonymous_15)
DA:7,16
DA:10,16
DA:18,16
DA:41,70
DA:42,70
DA:49,70
DA:56,70
DA:58,70
DA:61,70
DA:62,70
DA:63,70
DA:64,70
DA:65,70
DA:70,77
DA:79,61516
DA:80,3997
DA:82,57519
DA:96,54745
DA:101,51127
DA:106,2
DA:107,1
DA:109,1
DA:114,61
DA:117,61
DA:122,4851
DA:123,1
DA:125,4850
DA:130,103
DA:131,0
DA:133,103
DA:142,6071
DA:143,1856
DA:145,4215
DA:146,4215
DA:155,242
DA:156,4
DA:158,238
DA:159,238
DA:168,304
DA:169,147
DA:171,157
DA:172,156
DA:190,20
DA:191,20
DA:192,763
DA:193,763
DA:194,36
DA:197,20
DA:202,1
DA:223,32
DA:224,1
DA:227,31
DA:228,2242
DA:230,31
DA:231,13
DA:234,18
DA:235,18
DA:237,18
DA:238,48
DA:239,595
DA:243,13124
DA:244,13124
DA:245,10913
DA:248,2211
DA:249,2211
DA:250,16
DA:256,2
LF:67
LH:66
BRDA:79,0,0,3997
BRDA:79,0,1,57519
BRDA:79,1,0,61516
BRDA:79,1,1,60491
BRDA:79,1,2,58283
BRDA:79,1,3,57597
BRDA:106,2,0,1
BRDA:106,2,1,1
BRDA:122,3,0,1
BRDA:122,3,1,4850
BRDA:130,4,0,0
BRDA:130,4,1,103
BRDA:142,5,0,1856
BRDA:142,5,1,4215
BRDA:142,6,0,6071
BRDA:142,6,1,4247
BRDA:146,7,0,4215
BRDA:146,7,1,1423
BRDA:155,8,0,4
BRDA:155,8,1,238
BRDA:168,9,0,147
BRDA:168,9,1,157
BRDA:171,10,0,156
BRDA:171,10,1,1
BRDA:193,11,0,36
BRDA:193,11,1,727
BRDA:193,12,0,763
BRDA:193,12,1,53
BRDA:220,13,0,32
BRDA:221,14,0,32
BRDA:223,15,0,1
BRDA:223,15,1,31
BRDA:228,16,0,2242
BRDA:228,16,1,72
BRDA:228,16,2,44
BRDA:230,17,0,13
BRDA:230,17,1,18
BRDA:243,18,0,13124
BRDA:243,18,1,11940
BRDA:244,19,0,10913
BRDA:244,19,1,2211
BRDA:249,20,0,16
BRDA:249,20,1,2195
BRF:43
BRH:42
end_of_record
TN:
SF:src/game/navigation/plan-move-path.ts
FN:47,planMovePath
FN:62,(anonymous_1)
FNF:2
FNH:2
FNDA:84,planMovePath
FNDA:470,(anonymous_1)
DA:53,84
DA:54,84
DA:56,84
DA:57,84
DA:58,8
DA:62,76
DA:63,470
DA:64,470
DA:67,76
LF:9
LH:9
BRDA:57,0,0,8
BRDA:57,0,1,76
BRF:2
BRH:2
end_of_record
TN:
SF:src/game/render/create-game-viewport.ts
FN:26,createGameViewport
FN:50,applyViewportBounds
FNF:2
FNH:2
FNDA:15,createGameViewport
FNDA:28,applyViewportBounds
DA:5,4
DA:31,15
DA:39,15
DA:40,15
DA:42,15
DA:55,28
DA:56,28
DA:58,28
DA:63,28
LF:9
LH:9
BRF:0
BRH:0
end_of_record
TN:
SF:src/game/render/health-bar.ts
FN:34,healthBarColor
FN:49,healthBarFillWidth
FN:85,createHealthBar
FN:113,markDirtyOnHealthChange
FN:125,drawHealthBarFill
FN:141,drawDeathMark
FNF:6
FNH:6
FNDA:37,healthBarColor
FNDA:45,healthBarFillWidth
FNDA:18,createHealthBar
FNDA:74232,markDirtyOnHealthChange
FNDA:40,drawHealthBarFill
FNDA:44,drawDeathMark
DA:6,7
DA:8,7
DA:11,7
DA:13,7
DA:14,7
DA:17,7
DA:18,7
DA:20,7
DA:21,7
DA:22,7
DA:25,7
DA:26,7
DA:35,37
DA:36,20
DA:38,17
DA:39,11
DA:41,6
DA:54,45
DA:55,0
DA:57,45
DA:58,45
DA:86,18
DA:87,18
DA:88,18
DA:90,18
DA:94,18
DA:96,18
DA:97,18
DA:99,18
DA:117,74232
DA:118,74232
DA:119,36
DA:121,74232
DA:126,40
DA:127,40
DA:128,40
DA:129,9
DA:131,31
DA:132,40
DA:142,44
DA:143,44
DA:144,33
DA:146,11
LF:43
LH:42
BRDA:35,0,0,20
BRDA:35,0,1,17
BRDA:38,1,0,11
BRDA:38,1,1,6
BRDA:52,2,0,45
BRDA:54,3,0,0
BRDA:54,3,1,45
BRDA:118,4,0,36
BRDA:118,4,1,74196
BRDA:125,5,0,40
BRDA:128,6,0,9
BRDA:128,6,1,31
BRDA:131,7,0,31
BRDA:131,7,1,0
BRDA:143,8,0,33
BRDA:143,8,1,11
BRF:16
BRH:14
end_of_record
TN:
SF:src/game/render/move-lines.ts
FN:47,remainingWaypoints
FN:105,drawMoveLines
FNF:2
FNH:2
FNDA:12,remainingWaypoints
FNDA:13,drawMoveLines
DA:9,3
DA:12,3
DA:15,3
DA:18,3
DA:48,12
DA:50,12
DA:51,8
DA:54,12
DA:55,4
DA:56,3
DA:57,3
DA:59,1
DA:60,1
DA:62,2
DA:63,2
DA:66,0
DA:69,8
DA:70,4
DA:73,12
DA:106,13
DA:108,13
DA:109,13
DA:110,1
DA:113,12
DA:114,12
DA:116,12
DA:117,3
DA:120,9
DA:121,9
DA:122,22
DA:124,9
DA:126,9
DA:127,13
DA:130,9
DA:131,9
LF:35
LH:34
BRDA:50,0,0,8
BRDA:50,0,1,4
BRDA:54,1,0,4
BRDA:54,1,1,8
BRDA:55,2,0,3
BRDA:55,2,1,1
BRDA:57,3,0,1
BRDA:57,3,1,2
BRDA:57,3,2,0
BRDA:57,3,3,0
BRDA:69,4,0,4
BRDA:69,4,1,4
BRDA:109,5,0,1
BRDA:109,5,1,12
BRDA:116,6,0,3
BRDA:116,6,1,9
BRF:16
BRH:14
end_of_record
TN:
SF:src/game/render/render-system.ts
FN:62,shouldShowHealthBar
FN:82,drawSelectionMarks
FN:105,drawRenderable
FN:132,drawFacingMark
FN:236,setHealthBarsVisible
FN:249,size
FN:261,sync
FN:292,dispose
FN:224,constructor
FN:156,(anonymous_9)
FN:208,(anonymous_10)
FNF:11
FNH:11
FNDA:73464,shouldShowHealthBar
FNDA:5,drawSelectionMarks
FNDA:28,drawRenderable
FNDA:28,drawFacingMark
FNDA:1,setHealthBarsVisible
FNDA:7,size
FNDA:36734,sync
FNDA:3,dispose
FNDA:21,constructor
FNDA:28,(anonymous_9)
FNDA:8,(anonymous_10)
DA:41,4
DA:52,4
DA:53,4
DA:63,73464
DA:71,4
DA:74,4
DA:83,5
DA:84,5
DA:85,5
DA:86,5
DA:88,5
DA:102,4
DA:106,28
DA:107,28
DA:108,24
DA:109,4
DA:110,0
DA:111,4
DA:112,0
DA:113,0
DA:115,4
DA:117,28
DA:121,4
DA:133,28
DA:134,28
DA:135,28
DA:137,28
DA:153,21
DA:154,21
DA:156,21
DA:157,28
DA:158,28
DA:161,28
DA:162,28
DA:166,28
DA:167,28
DA:169,28
DA:171,28
DA:172,28
DA:173,5
DA:174,5
DA:175,5
DA:176,5
DA:178,28
DA:179,17
DA:180,17
DA:184,17
DA:185,17
DA:186,17
DA:188,17
DA:189,17
DA:195,17
DA:196,17
DA:198,17
DA:204,28
DA:205,28
DA:208,21
DA:209,8
DA:210,8
DA:211,0
DA:213,8
DA:214,8
DA:215,8
DA:219,21
DA:222,21
DA:226,21
DA:229,21
DA:230,21
DA:231,21
DA:232,21
DA:237,1
DA:238,1
DA:239,1
DA:240,1
DA:250,7
DA:262,36734
DA:263,73449
DA:264,73449
DA:266,73449
DA:267,36725
DA:270,73449
DA:271,73446
DA:272,73446
DA:273,73446
DA:280,73449
DA:281,23
DA:282,23
DA:283,23
DA:285,23
DA:286,23
DA:293,3
DA:294,3
DA:295,3
DA:296,1
DA:298,3
DA:299,3
LF:96
LH:92
BRDA:63,0,0,73464
BRDA:63,0,1,19459
BRDA:63,0,2,19456
BRDA:107,1,0,24
BRDA:107,1,1,4
BRDA:109,2,0,0
BRDA:109,2,1,4
BRDA:111,3,0,0
BRDA:111,3,1,4
BRDA:239,4,0,1
BRDA:239,4,1,0
BRDA:239,5,0,1
BRDA:239,5,1,1
BRDA:266,6,0,36725
BRDA:266,6,1,36724
BRDA:270,7,0,73446
BRDA:270,7,1,3
BRDA:272,8,0,73446
BRDA:272,8,1,0
BRDA:280,9,0,23
BRDA:280,9,1,73426
BRDA:280,10,0,73449
BRDA:280,10,1,23
BRDA:280,10,2,23
BRDA:282,11,0,23
BRDA:282,11,1,0
BRDA:285,12,0,6
BRDA:285,12,1,17
BRDA:227,13,0,21
BRDA:159,14,0,3
BRDA:159,14,1,25
BRDA:159,15,0,28
BRDA:159,15,1,17
BRDA:166,16,0,28
BRDA:166,16,1,0
BRDA:172,17,0,5
BRDA:172,17,1,23
BRDA:178,18,0,17
BRDA:178,18,1,11
BRDA:210,19,0,0
BRDA:210,19,1,8
BRF:41
BRH:34
end_of_record
TN:
SF:src/game/render/target-lines.ts
FN:36,drawDashedLine
FN:68,drawArrowHead
FN:116,drawTargetLines
FNF:3
FNH:3
FNDA:4,drawDashedLine
FNDA:4,drawArrowHead
FNDA:9,drawTargetLines
DA:8,3
DA:11,3
DA:14,3
DA:17,3
DA:20,3
DA:23,3
DA:43,4
DA:44,4
DA:45,4
DA:46,4
DA:47,0
DA:50,4
DA:51,4
DA:52,4
DA:53,4
DA:55,4
DA:56,43
DA:57,43
DA:58,43
DA:59,3
DA:61,40
DA:65,4
DA:74,4
DA:75,4
DA:76,4
DA:78,4
DA:117,9
DA:119,9
DA:120,9
DA:121,16
DA:122,8
DA:125,8
DA:126,8
DA:127,1
DA:130,7
DA:131,2
DA:134,5
DA:139,1
DA:142,4
DA:143,4
DA:145,4
DA:147,16
DA:148,16
DA:149,16
LF:44
LH:43
BRDA:46,0,0,0
BRDA:46,0,1,4
BRDA:58,1,0,3
BRDA:58,1,1,40
BRDA:121,2,0,8
BRDA:121,2,1,8
BRDA:121,3,0,16
BRDA:121,3,1,8
BRDA:121,3,2,8
BRDA:126,4,0,1
BRDA:126,4,1,7
BRDA:130,5,0,2
BRDA:130,5,1,5
BRDA:130,6,0,7
BRDA:130,6,1,5
BRDA:134,7,0,1
BRDA:134,7,1,4
BRDA:135,8,0,5
BRDA:135,8,1,2
BRDA:145,9,0,4
BRDA:145,9,1,0
BRF:21
BRH:19
end_of_record
TN:
SF:src/game/scenarios/debug-flags.ts
FN:15,isDebugFlag
FN:24,parseDebugFlags
FN:32,(anonymous_2)
FN:43,serializeDebugFlags
FN:44,(anonymous_4)
FNF:5
FNH:5
FNDA:12,isDebugFlag
FNDA:9,parseDebugFlags
FNDA:12,(anonymous_2)
FNDA:4,serializeDebugFlags
FNDA:20,(anonymous_4)
DA:5,5
DA:13,5
DA:16,12
DA:25,9
DA:26,2
DA:29,7
DA:32,12
DA:44,20
LF:8
LH:8
BRDA:25,0,0,2
BRDA:25,0,1,7
BRF:2
BRH:2
end_of_record
TN:
SF:src/game/scenarios/index.ts
FN:12,(anonymous_0)
FN:30,resolveScenario
FN:40,(anonymous_2)
FNF:3
FNH:3
FNDA:8,(anonymous_0)
FNDA:3,resolveScenario
FNDA:4,(anonymous_2)
DA:10,4
DA:12,8
DA:33,3
DA:34,3
DA:36,3
DA:37,2
DA:40,4
DA:44,1
LF:8
LH:8
BRDA:33,0,0,3
BRDA:33,0,1,1
BRDA:36,1,0,2
BRDA:36,1,1,1
BRF:4
BRH:4
end_of_record
TN:
SF:src/game/scenarios/test-big-fight.ts
FN:27,(anonymous_0)
FN:36,(anonymous_1)
FN:48,walkableCells
FN:64,shuffle
FN:97,(anonymous_4)
FNF:5
FNH:5
FNDA:15,(anonymous_0)
FNDA:15,(anonymous_1)
FNDA:5,walkableCells
FNDA:5,shuffle
FNDA:5,(anonymous_4)
DA:21,5
DA:27,15
DA:35,5
DA:36,15
DA:45,5
DA:49,5
DA:50,5
DA:52,5
DA:53,196
DA:54,12892
DA:55,12889
DA:60,5
DA:65,5
DA:66,5
DA:67,12884
DA:68,12884
DA:70,5
DA:93,5
DA:98,5
DA:99,5
DA:101,5
DA:102,1
DA:107,4
DA:108,1440
DA:109,1440
DA:110,1440
DA:112,1440
LF:27
LH:27
BRDA:49,0,0,5
BRDA:49,0,1,3
BRDA:54,1,0,12889
BRDA:54,1,1,3
BRDA:54,2,0,12892
BRDA:54,2,1,604
BRDA:101,3,0,1
BRDA:101,3,1,4
BRDA:109,4,0,720
BRDA:109,4,1,720
BRF:10
BRH:10
end_of_record
TN:
SF:src/game/scenarios/test.ts
FN:22,(anonymous_0)
FNF:1
FNH:1
FNDA:1,(anonymous_0)
DA:17,5
DA:23,1
DA:24,1
DA:27,1
DA:32,1
DA:46,1
DA:51,1
DA:61,1
DA:73,1
DA:78,1
DA:93,1
DA:94,1
DA:95,1
DA:96,1
DA:97,1
DA:99,1
DA:104,1
DA:108,1
DA:113,1
DA:117,1
DA:122,1
DA:130,1
DA:131,1
DA:136,1
DA:141,1
DA:146,1
LF:26
LH:26
BRF:0
BRH:0
end_of_record
TN:
SF:src/game/systems/camera-pan-system.ts
FN:59,computePanDirection
FN:89,computeZoomDirection
FN:102,applyPan
FN:120,applyZoom
FN:194,update
FN:203,dispose
FN:184,constructor
FN:141,(anonymous_7)
FN:162,(anonymous_8)
FN:175,(anonymous_9)
FN:180,(anonymous_10)
FNF:11
FNH:6
FNDA:8,computePanDirection
FNDA:4,computeZoomDirection
FNDA:5,applyPan
FNDA:4,applyZoom
FNDA:0,update
FNDA:2,dispose
FNDA:2,constructor
FNDA:0,(anonymous_7)
FNDA:0,(anonymous_8)
FNDA:0,(anonymous_9)
FNDA:0,(anonymous_10)
DA:6,3
DA:9,3
DA:17,3
DA:26,3
DA:43,3
DA:66,8
DA:67,8
DA:69,8
DA:70,8
DA:71,8
DA:72,8
DA:74,8
DA:75,5
DA:76,4
DA:77,5
DA:78,5
DA:81,8
DA:90,4
DA:91,4
DA:92,4
DA:93,4
DA:103,5
DA:104,1
DA:107,4
DA:108,4
DA:109,4
DA:110,4
DA:121,4
DA:122,1
DA:125,3
DA:126,3
DA:137,2
DA:138,2
DA:139,2
DA:141,2
DA:142,0
DA:143,0
DA:144,0
DA:145,0
DA:146,0
DA:151,0
DA:152,0
DA:155,0
DA:156,0
DA:157,0
DA:158,0
DA:162,2
DA:163,0
DA:164,0
DA:165,0
DA:166,0
DA:169,0
DA:170,0
DA:171,0
DA:175,2
DA:176,0
DA:177,0
DA:180,2
DA:181,0
DA:184,2
DA:185,2
DA:186,2
DA:190,2
DA:191,2
DA:195,0
DA:196,0
DA:197,0
DA:199,0
DA:200,0
DA:204,2
DA:205,2
DA:206,2
DA:207,2
DA:208,2
DA:209,2
DA:210,2
DA:211,2
DA:212,2
DA:213,2
DA:214,2
LF:80
LH:54
BRDA:64,0,0,8
BRDA:69,1,0,1
BRDA:69,1,1,7
BRDA:70,2,0,2
BRDA:70,2,1,6
BRDA:71,3,0,1
BRDA:71,3,1,7
BRDA:72,4,0,1
BRDA:72,4,1,7
BRDA:74,5,0,5
BRDA:74,5,1,3
BRDA:75,6,0,1
BRDA:75,6,1,4
BRDA:76,7,0,2
BRDA:76,7,1,2
BRDA:77,8,0,0
BRDA:77,8,1,5
BRDA:78,9,0,1
BRDA:78,9,1,4
BRDA:91,10,0,2
BRDA:91,10,1,2
BRDA:92,11,0,2
BRDA:92,11,1,2
BRDA:103,12,0,1
BRDA:103,12,1,4
BRDA:103,13,0,5
BRDA:103,13,1,1
BRDA:121,14,0,1
BRDA:121,14,1,3
BRDA:143,15,0,0
BRDA:143,15,1,0
BRDA:151,16,0,0
BRDA:151,16,1,0
BRDA:151,17,0,0
BRDA:151,17,1,0
BRDA:156,18,0,0
BRDA:156,18,1,0
BRDA:164,19,0,0
BRDA:164,19,1,0
BRDA:170,20,0,0
BRDA:170,20,1,0
BRF:41
BRH:28
end_of_record
TN:
SF:src/game/systems/cell-occupancy-system.ts
FN:102,createCellOccupancySystem
FN:103,(anonymous_1)
FNF:2
FNH:2
FNDA:37,createCellOccupancySystem
FNDA:46984,(anonymous_1)
DA:21,6
DA:35,6
DA:103,37
DA:116,46984
DA:117,98867
DA:119,98867
DA:120,54723
DA:121,54723
DA:122,8
DA:123,8
DA:124,8
DA:126,54723
DA:129,44144
DA:131,44144
DA:132,44144
DA:133,69
DA:140,69
DA:143,44144
DA:144,207
DA:147,137
DA:148,137
DA:149,137
DA:157,70
DA:158,70
DA:159,70
DA:160,70
DA:161,70
DA:165,44144
DA:166,44144
DA:180,44144
DA:186,98867
DA:198,98867
DA:199,8
DA:200,8
DA:203,44144
DA:204,40526
DA:205,40526
DA:206,40526
DA:214,3618
DA:216,98867
DA:218,2272
DA:219,2272
DA:220,2272
DA:223,1346
DA:224,149
DA:225,149
DA:226,149
DA:227,149
DA:228,149
DA:234,1197
DA:235,1197
DA:236,1197
DA:238,1197
DA:243,16
DA:244,16
DA:245,16
DA:246,16
DA:247,16
DA:248,16
DA:249,16
DA:250,11
DA:255,11
DA:260,1197
DA:261,14
DA:262,14
DA:263,14
DA:264,14
LF:67
LH:67
BRDA:119,0,0,54723
BRDA:119,0,1,44144
BRDA:119,1,0,98867
BRDA:119,1,1,77767
BRDA:121,2,0,8
BRDA:121,2,1,54715
BRDA:132,3,0,69
BRDA:132,3,1,44075
BRDA:143,4,0,207
BRDA:143,4,1,43937
BRDA:144,5,0,137
BRDA:144,5,1,70
BRDA:180,6,0,44144
BRDA:180,6,1,21093
BRDA:186,7,0,3618
BRDA:186,7,1,40526
BRDA:198,8,0,8
BRDA:198,8,1,98859
BRDA:198,9,0,98867
BRDA:198,9,1,43724
BRDA:203,10,0,40526
BRDA:203,10,1,3618
BRDA:214,11,0,3618
BRDA:214,11,1,3462
BRDA:214,11,2,1454
BRDA:216,12,0,2272
BRDA:216,12,1,96595
BRDA:223,13,0,149
BRDA:223,13,1,1197
BRDA:238,14,0,16
BRDA:238,14,1,1181
BRDA:239,15,0,1197
BRDA:239,15,1,881
BRDA:239,15,2,242
BRDA:246,16,0,16
BRDA:246,16,1,0
BRDA:249,17,0,11
BRDA:249,17,1,5
BRDA:249,18,0,16
BRDA:249,18,1,13
BRDA:260,19,0,14
BRDA:260,19,1,1183
BRF:42
BRH:41
end_of_record
TN:
SF:src/game/systems/combat-system.ts
FN:27,cellDistance
FN:59,isSettled
FN:100,attack
FN:167,createCombatSystem
FN:170,(anonymous_4)
FN:188,(anonymous_5)
FNF:6
FNH:6
FNDA:128,cellDistance
FNDA:287,isSettled
FNDA:499,attack
FNDA:43,createCombatSystem
FNDA:44510,(anonymous_4)
FNDA:499,(anonymous_5)
DA:28,128
DA:60,287
DA:61,287
DA:62,4
DA:65,283
DA:66,283
DA:67,15
DA:70,268
DA:71,268
DA:101,499
DA:102,499
DA:103,350
DA:106,149
DA:107,149
DA:108,3
DA:109,3
DA:117,146
DA:118,20
DA:126,126
DA:127,41
DA:130,85
DA:132,1
DA:133,1
DA:139,84
DA:168,43
DA:170,43
DA:174,44510
DA:176,44510
DA:179,82967
DA:180,55624
DA:183,27343
DA:184,27343
DA:188,499
DA:189,45
DA:191,27343
LF:35
LH:35
BRDA:61,0,0,4
BRDA:61,0,1,283
BRDA:61,1,0,287
BRDA:61,1,1,130
BRDA:66,2,0,15
BRDA:66,2,1,268
BRDA:66,3,0,283
BRDA:66,3,1,127
BRDA:66,3,2,112
BRDA:71,4,0,268
BRDA:71,4,1,268
BRDA:102,5,0,350
BRDA:102,5,1,149
BRDA:107,6,0,3
BRDA:107,6,1,146
BRDA:107,7,0,149
BRDA:107,7,1,148
BRDA:117,8,0,20
BRDA:117,8,1,126
BRDA:117,9,0,146
BRDA:117,9,1,129
BRDA:126,10,0,41
BRDA:126,10,1,85
BRDA:130,11,0,1
BRDA:130,11,1,84
BRDA:179,12,0,55624
BRDA:179,12,1,27343
BRDA:184,13,0,45
BRDA:184,13,1,27298
BRF:29
BRH:29
end_of_record
TN:
SF:src/game/systems/death-cleanup-system.ts
FN:51,dispose
FN:46,constructor
FN:34,(anonymous_2)
FNF:3
FNH:3
FNDA:3,dispose
FNDA:9,constructor
FNDA:7,(anonymous_2)
DA:34,9
DA:35,7
DA:36,7
DA:37,0
DA:39,7
DA:40,14
DA:41,3
DA:46,9
DA:47,9
DA:52,3
LF:10
LH:9
BRDA:36,0,0,0
BRDA:36,0,1,7
BRDA:40,1,0,3
BRDA:40,1,1,11
BRF:4
BRH:3
end_of_record
TN:
SF:src/game/systems/death-system.ts
FN:40,createDeathSystem
FN:41,(anonymous_1)
FNF:2
FNH:2
FNDA:11,createDeathSystem
FNDA:90728,(anonymous_1)
DA:12,4
DA:41,11
DA:42,90728
DA:43,145444
DA:48,9
DA:54,9
DA:55,1
DA:63,90728
DA:64,108003
DA:65,108003
DA:66,5
LF:11
LH:11
BRDA:43,0,0,9
BRDA:43,0,1,145435
BRDA:43,1,0,145444
BRDA:43,1,1,108003
BRDA:54,2,0,1
BRDA:54,2,1,8
BRDA:65,3,0,5
BRDA:65,3,1,107998
BRF:8
BRH:8
end_of_record
TN:
SF:src/game/systems/input-system.ts
FN:116,drain
FN:123,drainMoveOrders
FN:129,dispose
FN:105,constructor
FN:55,(anonymous_4)
FN:66,(anonymous_5)
FN:95,(anonymous_6)
FN:156,findNearestUnitAt
FN:189,findUnitAt
FN:193,(anonymous_9)
FN:201,findHoverableUnitAt
FN:220,findEnemyUnitAt
FN:226,(anonymous_12)
FN:243,selectAt
FN:324,moveSelectedTo
FN:331,(anonymous_15)
FN:405,attackSelectedTarget
FN:412,(anonymous_17)
FN:444,createInputSystem
FN:451,(anonymous_19)
FNF:20
FNH:20
FNDA:6,drain
FNDA:4,drainMoveOrders
FNDA:10,dispose
FNDA:10,constructor
FNDA:3,(anonymous_4)
FNDA:3,(anonymous_5)
FNDA:5,(anonymous_6)
FNDA:36,findNearestUnitAt
FNDA:20,findUnitAt
FNDA:32,(anonymous_9)
FNDA:7,findHoverableUnitAt
FNDA:9,findEnemyUnitAt
FNDA:10,(anonymous_12)
FNDA:20,selectAt
FNDA:38,moveSelectedTo
FNDA:37,(anonymous_15)
FNDA:7,attackSelectedTarget
FNDA:6,(anonymous_17)
FNDA:5,createInputSystem
FNDA:3,(anonymous_19)
DA:40,7
DA:51,10
DA:52,10
DA:53,10
DA:55,10
DA:60,3
DA:61,1
DA:63,2
DA:66,10
DA:67,3
DA:68,3
DA:69,3
DA:70,1
DA:73,2
DA:74,2
DA:75,2
DA:76,1
DA:79,1
DA:80,1
DA:95,10
DA:96,5
DA:98,5
DA:99,5
DA:105,10
DA:106,10
DA:111,10
DA:112,10
DA:117,6
DA:118,6
DA:119,6
DA:124,4
DA:125,4
DA:126,4
DA:130,10
DA:131,10
DA:132,10
DA:133,10
DA:134,10
DA:135,10
DA:144,7
DA:161,36
DA:163,36
DA:164,42
DA:165,42
DA:166,42
DA:167,42
DA:168,42
DA:169,15
DA:171,27
DA:172,27
DA:173,26
DA:174,26
DA:178,36
DA:193,32
DA:194,20
DA:205,7
DA:225,9
DA:226,10
DA:229,9
DA:249,20
DA:251,20
DA:252,5
DA:253,3
DA:254,1
DA:256,2
DA:259,5
DA:262,15
DA:263,3
DA:264,3
DA:267,15
DA:268,11
DA:330,38
DA:331,38
DA:332,38
DA:333,2
DA:336,36
DA:338,36
DA:340,36
DA:341,50
DA:342,2
DA:345,48
DA:346,48
DA:347,21
DA:353,21
DA:357,0
DA:359,21
DA:360,21
DA:363,48
DA:375,4
DA:376,4
DA:377,4
DA:380,44
DA:381,44
DA:382,44
DA:406,7
DA:407,7
DA:408,0
DA:411,7
DA:412,7
DA:413,2
DA:416,5
DA:419,7
DA:420,1
DA:422,6
DA:451,5
DA:452,3
DA:453,3
DA:455,3
DA:456,0
DA:457,0
DA:458,0
DA:462,3
DA:463,3
DA:464,3
DA:465,3
DA:466,3
DA:467,3
DA:468,1
DA:470,2
LF:119
LH:114
BRDA:60,0,0,1
BRDA:60,0,1,2
BRDA:69,1,0,1
BRDA:69,1,1,2
BRDA:75,2,0,1
BRDA:75,2,1,1
BRDA:164,3,0,42
BRDA:164,3,1,0
BRDA:168,4,0,15
BRDA:168,4,1,27
BRDA:168,5,0,42
BRDA:168,5,1,27
BRDA:172,6,0,26
BRDA:172,6,1,1
BRDA:223,7,0,9
BRDA:226,8,0,10
BRDA:226,8,1,8
BRDA:226,8,2,7
BRDA:247,9,0,20
BRDA:251,10,0,5
BRDA:251,10,1,15
BRDA:252,11,0,3
BRDA:252,11,1,2
BRDA:253,12,0,1
BRDA:253,12,1,2
BRDA:263,13,0,3
BRDA:263,13,1,0
BRDA:267,14,0,11
BRDA:267,14,1,4
BRDA:267,15,0,15
BRDA:267,15,1,11
BRDA:332,16,0,2
BRDA:332,16,1,36
BRDA:341,17,0,2
BRDA:341,17,1,48
BRDA:341,18,0,50
BRDA:341,18,1,48
BRDA:346,19,0,21
BRDA:346,19,1,27
BRDA:350,20,0,21
BRDA:350,20,1,0
BRDA:353,21,0,0
BRDA:353,21,1,21
BRDA:363,22,0,4
BRDA:363,22,1,44
BRDA:407,23,0,0
BRDA:407,23,1,7
BRDA:412,24,0,2
BRDA:412,24,1,5
BRDA:419,25,0,1
BRDA:419,25,1,6
BRDA:455,26,0,0
BRDA:455,26,1,3
BRDA:462,27,0,3
BRDA:462,27,1,0
BRDA:467,28,0,1
BRDA:467,28,1,2
BRF:57
BRH:50
end_of_record
TN:
SF:src/game/systems/move-path-system.ts
FN:28,createMovePathSystem
FN:32,(anonymous_1)
FNF:2
FNH:2
FNDA:41,createMovePathSystem
FNDA:60170,(anonymous_1)
DA:32,41
DA:33,60170
DA:34,111721
DA:35,111721
DA:36,111539
DA:39,182
DA:40,19
DA:41,19
DA:44,163
DA:45,163
DA:46,163
LF:11
LH:11
BRDA:35,0,0,111539
BRDA:35,0,1,182
BRDA:35,1,0,111721
BRDA:35,1,1,3495
BRDA:39,2,0,19
BRDA:39,2,1,163
BRF:6
BRH:6
end_of_record
TN:
SF:src/game/systems/move-target-system.ts
FN:38,createMoveTargetSystem
FN:39,(anonymous_1)
FNF:2
FNH:2
FNDA:45,createMoveTargetSystem
FNDA:60269,(anonymous_1)
DA:19,9
DA:39,45
DA:40,60269
DA:41,111820
DA:42,111820
DA:43,106218
DA:46,5602
DA:47,5602
DA:48,5602
DA:49,5602
DA:51,5602
DA:65,166
DA:66,166
DA:67,166
DA:68,166
DA:69,166
DA:70,166
DA:73,5436
DA:74,111820
DA:75,111820
LF:20
LH:20
BRDA:42,0,0,106218
BRDA:42,0,1,5602
BRDA:51,1,0,166
BRDA:51,1,1,5436
BRDA:73,2,0,5436
BRDA:73,2,1,0
BRF:6
BRH:5
end_of_record
TN:
SF:src/game/systems/move-velocity-system.ts
FN:34,createMoveVelocitySystem
FN:35,(anonymous_1)
FNF:2
FNH:2
FNDA:63,createMoveVelocitySystem
FNDA:60464,(anonymous_1)
DA:35,63
DA:36,60464
DA:37,112347
DA:38,112347
DA:39,112347
DA:41,112347
DA:42,4686
LF:7
LH:7
BRDA:41,0,0,4686
BRDA:41,0,1,107661
BRDA:41,1,0,112347
BRDA:41,1,1,107926
BRF:4
BRH:4
end_of_record
TN:
SF:src/game/systems/pending-move-order-system.ts
FN:31,createPendingMoveOrderSystem
FN:35,(anonymous_1)
FNF:2
FNH:2
FNDA:15,createPendingMoveOrderSystem
FNDA:7449,(anonymous_1)
DA:35,15
DA:36,7449
DA:37,7449
DA:38,7449
DA:39,7442
DA:42,7
DA:43,7
LF:7
LH:7
BRDA:38,0,0,7442
BRDA:38,0,1,7
BRDA:38,1,0,7449
BRDA:38,1,1,22
BRF:4
BRH:4
end_of_record
TN:
SF:src/game/systems/perception-system.ts
FN:48,runPerceptionScan
FN:49,(anonymous_1)
FN:61,(anonymous_2)
FN:104,createPerceptionSystem
FN:107,(anonymous_4)
FNF:5
FNH:5
FNDA:715,runPerceptionScan
FNDA:1428,(anonymous_1)
FNDA:7,(anonymous_2)
FNDA:15,createPerceptionSystem
FNDA:41586,(anonymous_4)
DA:16,6
DA:49,1428
DA:51,715
DA:52,1428
DA:53,912
DA:54,7
DA:56,912
DA:59,516
DA:60,1428
DA:61,7
DA:64,2
DA:68,514
DA:69,514
DA:72,514
DA:74,514
DA:75,725
DA:76,524
DA:79,201
DA:80,201
DA:81,201
DA:83,201
DA:84,150
DA:85,150
DA:89,514
DA:90,147
DA:91,367
DA:92,8
DA:105,15
DA:107,15
DA:108,41586
DA:109,41586
DA:110,40892
DA:112,694
DA:113,694
LF:34
LH:34
BRDA:52,0,0,912
BRDA:52,0,1,516
BRDA:53,1,0,7
BRDA:53,1,1,905
BRDA:59,2,0,4
BRDA:59,2,1,512
BRDA:60,3,0,4
BRDA:60,3,1,1424
BRDA:61,4,0,2
BRDA:61,4,1,2
BRDA:75,5,0,524
BRDA:75,5,1,201
BRDA:75,6,0,725
BRDA:75,6,1,211
BRDA:83,7,0,150
BRDA:83,7,1,51
BRDA:83,8,0,201
BRDA:83,8,1,150
BRDA:89,9,0,147
BRDA:89,9,1,367
BRDA:91,10,0,8
BRDA:91,10,1,359
BRDA:104,11,0,15
BRDA:109,12,0,40892
BRDA:109,12,1,694
BRF:25
BRH:25
end_of_record
TN:
SF:src/game/systems/projectile-system.ts
FN:50,createProjectileSystem
FN:51,(anonymous_1)
FNF:2
FNH:2
FNDA:8,createProjectileSystem
FNDA:322,(anonymous_1)
DA:16,3
DA:51,8
DA:55,322
DA:56,103
DA:61,103
DA:62,2
DA:63,2
DA:66,101
DA:67,101
DA:68,101
DA:69,101
DA:70,101
DA:85,101
DA:86,4
DA:87,4
DA:88,4
DA:91,97
DA:92,97
DA:93,97
DA:95,97
DA:96,2
LF:21
LH:21
BRDA:61,0,0,2
BRDA:61,0,1,101
BRDA:61,1,0,103
BRDA:61,1,1,103
BRDA:61,1,2,103
BRDA:85,2,0,4
BRDA:85,2,1,97
BRDA:95,3,0,2
BRDA:95,3,1,95
BRF:9
BRH:9
end_of_record
TN:
SF:src/game/systems/seek-system.ts
FN:54,clearPursuitRoute
FN:70,hasPlayerMoveOrder
FN:84,aimAt
FN:110,comeToRest
FN:142,markPursuit
FN:241,createSeekSystem
FN:264,(anonymous_6)
FN:278,(anonymous_7)
FN:282,(anonymous_8)
FNF:9
FNH:9
FNDA:8076,clearPursuitRoute
FNDA:10322,hasPlayerMoveOrder
FNDA:2034,aimAt
FNDA:3,comeToRest
FNDA:2033,markPursuit
FNDA:48,createSeekSystem
FNDA:26168,(anonymous_6)
FNDA:1982,(anonymous_7)
FNDA:44889,(anonymous_8)
DA:38,7
DA:46,7
DA:55,8076
DA:56,8076
DA:57,8076
DA:71,10322
DA:85,2034
DA:86,2034
DA:87,29
DA:88,29
DA:90,2005
DA:91,2005
DA:111,3
DA:112,3
DA:114,3
DA:115,3
DA:116,2
DA:117,2
DA:118,2
DA:119,2
DA:121,2
DA:124,1
DA:148,2033
DA:149,2033
DA:150,2006
DA:151,2006
DA:153,27
DA:248,48
DA:251,48
DA:252,48
DA:257,48
DA:264,48
DA:265,26168
DA:266,4432
DA:268,21736
DA:269,3040
DA:270,3040
DA:271,1720
DA:273,1320
DA:275,18696
DA:278,48
DA:279,1982
DA:282,48
DA:283,44889
DA:284,83766
DA:286,83766
DA:287,2227
DA:290,83766
DA:291,73087
DA:292,1
DA:294,73087
DA:297,10679
DA:302,10679
DA:303,357
DA:304,2
DA:306,357
DA:309,10322
DA:310,3
DA:313,10319
DA:314,10319
DA:316,10319
DA:317,10319
DA:318,10319
DA:319,10319
DA:321,10319
DA:327,10319
DA:328,83766
DA:332,83766
DA:336,8337
DA:346,8337
DA:347,8076
DA:348,8076
DA:349,8076
DA:350,8076
DA:355,8075
DA:360,261
DA:361,261
DA:363,8337
DA:366,1982
DA:367,1982
DA:369,1982
DA:371,1772
DA:372,1772
DA:373,1772
DA:374,1772
DA:378,210
DA:380,83766
DA:385,83766
DA:387,83766
DA:388,15
DA:393,15
DA:394,15
DA:395,15
DA:400,15
DA:401,14
DA:402,1
DA:403,0
DA:407,210
DA:411,1
DA:412,1
LF:100
LH:99
BRDA:72,0,0,10322
BRDA:72,0,1,8098
BRDA:72,0,2,8097
BRDA:72,0,3,8096
BRDA:86,1,0,29
BRDA:86,1,1,2005
BRDA:115,2,0,2
BRDA:115,2,1,1
BRDA:117,3,0,2
BRDA:117,3,1,0
BRDA:149,4,0,2006
BRDA:149,4,1,27
BRDA:149,5,0,2033
BRDA:149,5,1,2006
BRDA:248,6,0,27
BRDA:248,6,1,21
BRDA:265,7,0,4432
BRDA:265,7,1,21736
BRDA:268,8,0,3040
BRDA:268,8,1,18696
BRDA:270,9,0,1720
BRDA:270,9,1,1320
BRDA:270,10,0,3040
BRDA:270,10,1,3037
BRDA:270,10,2,2167
BRDA:270,10,3,1320
BRDA:279,11,0,1982
BRDA:279,11,1,933
BRDA:286,12,0,2227
BRDA:286,12,1,81539
BRDA:290,13,0,73087
BRDA:290,13,1,10679
BRDA:290,14,0,83766
BRDA:290,14,1,10679
BRDA:291,15,0,1
BRDA:291,15,1,73086
BRDA:302,16,0,357
BRDA:302,16,1,10322
BRDA:302,17,0,10679
BRDA:302,17,1,10678
BRDA:302,17,2,7396
BRDA:303,18,0,2
BRDA:303,18,1,355
BRDA:309,19,0,3
BRDA:309,19,1,10319
BRDA:327,20,0,10319
BRDA:327,20,1,6006
BRDA:328,21,0,8336
BRDA:328,21,1,1983
BRDA:330,22,0,1983
BRDA:330,22,1,1
BRDA:332,23,0,8337
BRDA:332,23,1,75429
BRDA:332,24,0,83766
BRDA:332,24,1,8342
BRDA:346,25,0,8076
BRDA:346,25,1,261
BRDA:346,26,0,8337
BRDA:346,26,1,8077
BRDA:350,27,0,8075
BRDA:350,27,1,1
BRDA:369,28,0,1772
BRDA:369,28,1,210
BRDA:380,29,0,83766
BRDA:380,29,1,197
BRDA:385,30,0,83766
BRDA:385,30,1,197
BRDA:387,31,0,15
BRDA:387,31,1,83751
BRDA:387,32,0,83766
BRDA:387,32,1,196
BRDA:387,32,2,196
BRDA:387,32,3,2
BRDA:400,33,0,14
BRDA:400,33,1,1
BRDA:402,34,0,0
BRDA:402,34,1,1
BRDA:407,35,0,1
BRDA:407,35,1,209
BRDA:407,36,0,210
BRDA:407,36,1,1
BRF:81
BRH:79
end_of_record
TN:
SF:src/game/systems/selection-box-system.ts
FN:88,isActive
FN:96,isPastThreshold
FN:100,redraw
FN:119,drain
FN:125,dispose
FN:75,constructor
FN:41,(anonymous_6)
FN:47,(anonymous_7)
FN:56,(anonymous_8)
FN:148,selectInBox
FN:198,createSelectionBoxSystem
FN:203,(anonymous_11)
FNF:12
FNH:4
FNDA:0,isActive
FNDA:0,isPastThreshold
FNDA:0,redraw
FNDA:0,drain
FNDA:2,dispose
FNDA:2,constructor
FNDA:0,(anonymous_6)
FNDA:0,(anonymous_7)
FNDA:0,(anonymous_8)
FNDA:9,selectInBox
FNDA:2,createSelectionBoxSystem
FNDA:0,(anonymous_11)
DA:19,3
DA:20,3
DA:21,3
DA:22,3
DA:23,3
DA:36,2
DA:37,2
DA:38,2
DA:39,2
DA:41,2
DA:42,0
DA:43,0
DA:44,0
DA:47,2
DA:48,0
DA:49,0
DA:51,0
DA:52,0
DA:53,0
DA:56,2
DA:57,0
DA:58,0
DA:59,0
DA:60,0
DA:61,0
DA:63,0
DA:65,0
DA:68,0
DA:76,2
DA:79,2
DA:80,2
DA:83,2
DA:84,2
DA:89,0
DA:97,0
DA:101,0
DA:102,0
DA:103,0
DA:106,0
DA:107,0
DA:108,0
DA:109,0
DA:111,0
DA:120,0
DA:121,0
DA:122,0
DA:126,2
DA:127,2
DA:128,2
DA:129,2
DA:130,2
DA:131,2
DA:132,2
DA:155,9
DA:156,9
DA:157,13
DA:158,2
DA:160,11
DA:161,13
DA:163,13
DA:167,13
DA:168,5
DA:172,9
DA:173,2
DA:174,1
DA:175,1
DA:178,2
DA:181,7
DA:182,2
DA:183,2
DA:186,7
DA:187,4
DA:188,4
DA:203,2
DA:204,0
DA:205,0
DA:206,0
DA:209,0
DA:210,0
DA:211,0
DA:212,0
DA:213,0
LF:82
LH:45
BRDA:90,0,0,0
BRDA:90,0,1,0
BRDA:90,0,2,0
BRDA:102,1,0,0
BRDA:102,1,1,0
BRDA:102,2,0,0
BRDA:102,2,1,0
BRDA:102,2,2,0
BRDA:48,3,0,0
BRDA:48,3,1,0
BRDA:63,4,0,0
BRDA:63,4,1,0
BRDA:63,5,0,0
BRDA:63,5,1,0
BRDA:63,5,2,0
BRDA:153,6,0,9
BRDA:157,7,0,2
BRDA:157,7,1,11
BRDA:157,8,0,13
BRDA:157,8,1,12
BRDA:160,9,0,11
BRDA:160,9,1,0
BRDA:163,10,0,13
BRDA:163,10,1,6
BRDA:163,10,2,5
BRDA:163,10,3,5
BRDA:167,11,0,5
BRDA:167,11,1,8
BRDA:172,12,0,2
BRDA:172,12,1,7
BRDA:174,13,0,1
BRDA:174,13,1,0
BRDA:182,14,0,2
BRDA:182,14,1,0
BRDA:187,15,0,4
BRDA:187,15,1,0
BRDA:205,16,0,0
BRDA:205,16,1,0
BRF:38
BRH:17
end_of_record
TN:
SF:src/game/systems/spawn-system.ts
FN:26,layoutOffsets
FN:27,(anonymous_1)
FN:36,claimSpawn
FN:42,(anonymous_3)
FN:48,(anonymous_4)
FNF:5
FNH:5
FNDA:4,layoutOffsets
FNDA:6,(anonymous_1)
FNDA:5,claimSpawn
FNDA:7,(anonymous_3)
FNDA:6,(anonymous_4)
DA:15,1
DA:27,6
DA:42,7
DA:43,5
DA:44,1
DA:47,4
DA:48,4
DA:49,6
LF:8
LH:8
BRDA:43,0,0,1
BRDA:43,0,1,4
BRF:2
BRH:2
end_of_record
TN:
SF:src/lib/array.ts
FN:4,(anonymous_0)
FN:10,(anonymous_1)
FNF:2
FNH:2
FNDA:1,(anonymous_0)
FNDA:2,(anonymous_1)
DA:4,22
DA:5,1
DA:8,22
DA:10,22
DA:14,2
LF:5
LH:5
BRF:0
BRH:0
end_of_record
TN:
SF:src/lib/cooldown.ts
FN:14,update
FN:22,reset
FN:8,constructor
FNF:3
FNH:3
FNDA:27351,update
FNDA:1,reset
FNDA:50,constructor
DA:6,50
DA:8,50
DA:9,50
DA:15,27351
DA:16,27351
DA:17,503
DA:18,503
DA:23,1
LF:8
LH:8
BRDA:16,0,0,503
BRDA:16,0,1,26848
BRF:2
BRH:2
end_of_record
TN:
SF:src/lib/game-time.ts
FNF:0
FNH:0
DA:7,9
LF:1
LH:1
BRF:0
BRH:0
end_of_record
TN:
SF:src/lib/grid.ts
FN:16,(anonymous_0)
FN:20,(anonymous_1)
FN:33,(anonymous_2)
FN:45,(anonymous_3)
FN:58,(anonymous_4)
FN:88,(anonymous_5)
FN:120,(anonymous_6)
FN:133,(anonymous_7)
FN:150,(anonymous_8)
FN:158,(anonymous_9)
FN:161,(anonymous_10)
FNF:11
FNH:11
FNDA:3242,(anonymous_0)
FNDA:2144,(anonymous_1)
FNDA:11,(anonymous_2)
FNDA:1600,(anonymous_3)
FNDA:22290,(anonymous_4)
FNDA:8784,(anonymous_5)
FNDA:14,(anonymous_6)
FNDA:16,(anonymous_7)
FNDA:6,(anonymous_8)
FNDA:1,(anonymous_9)
FNDA:2,(anonymous_10)
DA:14,31
DA:16,31
DA:17,3242
DA:20,31
DA:21,2144
DA:33,31
DA:34,11
DA:45,31
DA:46,1600
DA:47,1600
DA:58,31
DA:59,22290
DA:73,31
DA:88,31
DA:92,8784
DA:93,8784
DA:94,8784
DA:120,31
DA:121,14
DA:133,31
DA:134,16
DA:135,16
DA:136,2
DA:138,14
DA:139,2
DA:141,12
DA:150,31
DA:155,6
DA:158,31
DA:161,2
LF:30
LH:30
BRDA:90,0,0,8784
BRDA:94,1,0,8784
BRDA:94,1,1,8775
BRDA:135,2,0,2
BRDA:135,2,1,14
BRDA:135,3,0,16
BRDA:135,3,1,14
BRDA:138,4,0,2
BRDA:138,4,1,12
BRDA:138,5,0,14
BRDA:138,5,1,4
BRDA:138,5,2,3
BRF:12
BRH:12
end_of_record
TN:
SF:src/lib/object.ts
FN:7,(anonymous_0)
FN:15,(anonymous_1)
FNF:2
FNH:2
FNDA:3,(anonymous_0)
FNDA:2,(anonymous_1)
DA:7,1
DA:8,3
DA:9,2
DA:12,2
DA:15,1
DA:16,2
LF:6
LH:6
BRDA:9,0,0,1
BRDA:9,0,1,1
BRF:2
BRH:2
end_of_record
TN:
SF:src/lib/predicate.ts
FN:3,(anonymous_0)
FN:4,(anonymous_1)
FN:7,(anonymous_2)
FN:8,(anonymous_3)
FNF:4
FNH:4
FNDA:2,(anonymous_0)
FNDA:2,(anonymous_1)
FNDA:4,(anonymous_2)
FNDA:6,(anonymous_3)
DA:3,23
DA:4,2
DA:7,23
DA:8,6
LF:4
LH:4
BRF:0
BRH:0
end_of_record
TN:
SF:src/lib/range.ts
FN:13,includes
FN:17,toJSON
FN:24,toString
FN:8,constructor
FNF:4
FNH:2
FNDA:5,includes
FNDA:0,toJSON
FNDA:0,toString
FNDA:5,constructor
DA:2,1
DA:4,5
DA:6,5
DA:9,5
DA:10,5
DA:14,5
DA:18,0
DA:25,0
LF:8
LH:6
BRDA:14,0,0,5
BRDA:14,0,1,4
BRDA:8,1,0,5
BRDA:8,2,0,5
BRF:4
BRH:4
end_of_record
TN:
SF:src/lib/timer.ts
FN:39,countdown
FN:47,expiredTime
FN:51,isElapsed
FN:55,update
FN:68,restart
FN:75,reset
FN:33,constructor
FNF:7
FNH:7
FNDA:55660,countdown
FNDA:508,expiredTime
FNDA:54749,isElapsed
FNDA:27389,update
FNDA:505,restart
FNDA:1,reset
FNDA:66,constructor
DA:26,9
DA:29,66
DA:30,66
DA:31,66
DA:34,66
DA:35,66
DA:36,66
DA:40,55660
DA:48,508
DA:52,54749
DA:56,27389
DA:58,27389
DA:59,510
DA:60,1
DA:69,505
DA:76,1
LF:16
LH:16
BRDA:48,0,0,395
BRDA:48,0,1,113
BRDA:58,1,0,510
BRDA:58,1,1,26879
BRDA:59,2,0,1
BRDA:59,2,1,509
BRDA:35,3,0,66
BRDA:35,3,1,63
BRDA:36,4,0,66
BRDA:36,4,1,63
BRF:10
BRH:10
end_of_record
TN:
SF:src/lib/use-page-zoom-scale.ts
FN:12,clampScale
FN:38,usePageZoomCounterScale
FN:42,(anonymous_2)
FN:52,(anonymous_3)
FN:62,(anonymous_4)
FNF:5
FNH:5
FNDA:10,clampScale
FNDA:14,usePageZoomCounterScale
FNDA:8,(anonymous_2)
FNDA:10,(anonymous_3)
FNDA:5,(anonymous_4)
DA:9,3
DA:10,3
DA:13,10
DA:14,1
DA:16,9
DA:39,14
DA:40,14
DA:42,14
DA:45,8
DA:46,3
DA:49,5
DA:52,8
DA:53,10
DA:54,10
DA:55,10
DA:57,10
DA:58,10
DA:60,8
DA:62,8
DA:65,14
LF:20
LH:20
BRDA:13,0,0,1
BRDA:13,0,1,9
BRDA:13,1,0,10
BRDA:13,1,1,9
BRDA:45,2,0,3
BRDA:45,2,1,5
BRDA:49,3,0,5
BRDA:49,3,1,5
BRDA:54,4,0,10
BRDA:54,4,1,0
BRF:10
BRH:9
end_of_record
TN:
SF:src/lib/art/atlas.ts
FN:35,tileColumns
FN:45,tileRows
FN:50,tileCount
FN:62,tileRect
FN:88,extractTileRgba
FNF:5
FNH:5
FNDA:9080,tileColumns
FNDA:2982,tileRows
FNDA:2981,tileCount
FNDA:6097,tileRect
FNDA:2977,extractTileRgba
DA:24,7
DA:36,9080
DA:46,2982
DA:51,2981
DA:63,6097
DA:64,2
DA:68,6095
DA:69,6095
DA:70,1
DA:74,6094
DA:93,2977
DA:94,2977
DA:95,1
DA:99,2976
LF:14
LH:14
BRDA:63,0,0,2
BRDA:63,0,1,6095
BRDA:63,1,0,6097
BRDA:63,1,1,6096
BRDA:69,2,0,1
BRDA:69,2,1,6094
BRDA:91,3,0,2977
BRDA:94,4,0,1
BRDA:94,4,1,2976
BRF:9
BRH:9
end_of_record
TN:
SF:src/lib/art/index.ts
FNF:0
FNH:0
LF:0
LH:0
BRF:0
BRH:0
end_of_record
TN:
SF:src/lib/art/pcx.ts
FN:49,constructor
FN:55,readU16
FN:69,decodePcx
FNF:3
FNH:3
FNDA:9,constructor
FNDA:120,readU16
FNDA:31,decodePcx
DA:14,8
DA:17,8
DA:20,8
DA:23,8
DA:26,8
DA:32,8
DA:50,9
DA:51,9
DA:56,120
DA:70,31
DA:71,1
DA:76,30
DA:77,3
DA:82,27
DA:83,27
DA:84,1
DA:89,26
DA:90,26
DA:91,26
DA:92,2
DA:97,24
DA:98,24
DA:99,24
DA:100,24
DA:102,24
DA:103,24
DA:104,24
DA:105,0
DA:112,24
DA:113,24
DA:114,0
DA:119,24
DA:120,24
DA:121,1
DA:125,23
DA:127,23
DA:128,23
DA:129,23
DA:130,23
DA:132,23
DA:133,64993
DA:134,1
DA:139,64992
DA:140,64992
DA:141,64992
DA:142,64875
DA:143,64875
DA:144,0
DA:148,64875
DA:151,64992
DA:154,2673833
DA:155,2673825
DA:157,2673833
DA:158,2673833
DA:159,4351
DA:160,4351
DA:161,4351
DA:162,22
DA:168,22
LF:59
LH:56
BRDA:70,0,0,1
BRDA:70,0,1,30
BRDA:76,1,0,3
BRDA:76,1,1,27
BRDA:83,2,0,1
BRDA:83,2,1,26
BRDA:91,3,0,2
BRDA:91,3,1,24
BRDA:91,4,0,26
BRDA:91,4,1,25
BRDA:104,5,0,0
BRDA:104,5,1,24
BRDA:104,6,0,24
BRDA:104,6,1,24
BRDA:113,7,0,0
BRDA:113,7,1,24
BRDA:120,8,0,1
BRDA:120,8,1,23
BRDA:133,9,0,1
BRDA:133,9,1,64992
BRDA:141,10,0,64875
BRDA:141,10,1,117
BRDA:143,11,0,0
BRDA:143,11,1,64875
BRDA:154,12,0,2673825
BRDA:154,12,1,8
BRDA:158,13,0,4351
BRDA:158,13,1,2669482
BRDA:161,14,0,22
BRDA:161,14,1,4329
BRF:30
BRH:27
end_of_record
TN:
SF:src/lib/art/rgba.ts
FN:32,buildLookup
FN:76,toRgba
FN:101,extractRgbaRect
FNF:3
FNH:3
FNDA:2986,buildLookup
FNDA:8,toRgba
FNDA:2980,extractRgbaRect
DA:19,8
DA:22,8
DA:33,2986
DA:34,2986
DA:35,764416
DA:36,764416
DA:37,764416
DA:39,764416
DA:43,764416
DA:44,764416
DA:48,2984
DA:49,2984
DA:50,2984
DA:51,2984
DA:53,761432
DA:54,761432
DA:55,761432
DA:56,761432
DA:59,2986
DA:80,8
DA:81,8
DA:82,8
DA:83,8
DA:84,6417
DA:85,6417
DA:86,6417
DA:87,6417
DA:88,6417
DA:89,6417
DA:91,8
DA:106,2980
DA:107,2980
DA:115,2
DA:120,2978
DA:121,2978
DA:122,2978
DA:123,119043
DA:124,119043
DA:125,4761605
DA:126,4761605
DA:127,4761605
DA:128,4761605
DA:129,4761605
DA:130,4761605
DA:133,2978
LF:45
LH:45
BRDA:39,0,0,764416
BRDA:39,0,1,763904
BRDA:39,0,2,6476
BRDA:39,0,3,2984
BRDA:44,1,0,2984
BRDA:44,1,1,761432
BRDA:78,2,0,8
BRDA:104,3,0,2980
BRDA:107,4,0,2
BRDA:107,4,1,2978
BRDA:108,5,0,2980
BRDA:108,5,1,2979
BRDA:108,5,2,2979
BRDA:108,5,3,2979
BRDA:108,5,4,2979
BRDA:108,5,5,2978
BRF:16
BRH:16
end_of_record
TN:
SF:src/lib/behaviortree/nodes/node.ts
FN:1,(anonymous_0)
FN:20,state
FN:24,state_2
FN:28,children
FN:32,children_2
FN:33,(anonymous_5)
FN:36,attach
FN:41,detach
FN:42,(anonymous_8)
FN:46,evaluate
FN:50,getData
FN:58,getDataOfParent
FN:62,setData
FN:66,hasData
FN:70,hasChildren
FN:74,root
FN:78,running
FN:82,success
FN:86,failure
FN:16,constructor
FNF:20
FNH:17
FNDA:7,(anonymous_0)
FNDA:43,state
FNDA:59,state_2
FNDA:50,children
FNDA:81,children_2
FNDA:45,(anonymous_5)
FNDA:46,attach
FNDA:1,detach
FNDA:1,(anonymous_8)
FNDA:37,evaluate
FNDA:8,getData
FNDA:5,getDataOfParent
FNDA:0,setData
FNDA:0,hasData
FNDA:19,hasChildren
FNDA:0,root
FNDA:3,running
FNDA:8,success
FNDA:5,failure
FNDA:80,constructor
DA:1,7
DA:8,80
DA:10,80
DA:12,80
DA:14,80
DA:17,80
DA:21,43
DA:25,59
DA:29,50
DA:33,81
DA:37,46
DA:38,46
DA:42,1
DA:43,1
DA:47,37
DA:51,8
DA:52,3
DA:55,5
DA:59,5
DA:63,0
DA:67,0
DA:71,19
DA:75,0
DA:79,3
DA:83,8
DA:87,5
LF:26
LH:23
BRDA:51,0,0,3
BRDA:51,0,1,5
BRDA:59,1,0,5
BRDA:59,1,1,2
BRDA:75,2,0,0
BRDA:75,2,1,0
BRDA:16,3,0,80
BRF:7
BRH:5
end_of_record
TN:
SF:src/lib/behaviortree/nodes/core/always.ts
FN:4,constructor
FNF:1
FNH:1
FNDA:35,constructor
DA:5,35
DA:7,35
LF:2
LH:2
BRF:0
BRH:0
end_of_record
TN:
SF:src/lib/behaviortree/nodes/core/inverter.ts
FN:17,evaluate
FN:13,constructor
FNF:2
FNH:2
FNDA:4,evaluate
FNDA:4,constructor
DA:3,1
DA:11,1
DA:14,4
DA:18,4
DA:19,0
DA:22,4
DA:23,4
DA:24,1
DA:27,3
LF:9
LH:8
BRDA:18,0,0,0
BRDA:18,0,1,4
BRDA:23,1,0,1
BRDA:23,1,1,3
BRF:4
BRH:3
end_of_record
TN:
SF:src/lib/behaviortree/nodes/core/parallel.ts
FN:11,evaluate
FN:7,constructor
FNF:2
FNH:2
FNDA:5,evaluate
FNDA:6,constructor
DA:5,1
DA:8,6
DA:12,5
DA:13,1
DA:16,4
DA:17,4
DA:19,4
DA:20,11
DA:22,4
DA:24,1
DA:25,1
DA:28,6
DA:29,6
DA:33,4
DA:37,2
DA:39,2
LF:16
LH:16
BRDA:12,0,0,1
BRDA:12,0,1,4
BRDA:20,1,0,4
BRDA:20,1,1,1
BRDA:20,1,2,6
BRDA:20,1,3,6
BRDA:33,2,0,2
BRDA:33,2,1,2
BRDA:34,3,0,4
BRDA:34,3,1,2
BRDA:34,3,2,3
BRDA:39,4,0,0
BRDA:39,4,1,2
BRDA:7,5,0,6
BRF:14
BRH:13
end_of_record
TN:
SF:src/lib/behaviortree/nodes/core/selector.ts
FN:7,evaluate
FNF:1
FNH:1
FNDA:5,evaluate
DA:5,1
DA:8,5
DA:9,1
DA:12,4
DA:13,9
DA:15,9
DA:16,2
DA:17,7
DA:18,2
DA:22,2
DA:23,1
DA:24,1
DA:25,0
DA:27,1
LF:14
LH:13
BRDA:8,0,0,1
BRDA:8,0,1,4
BRDA:15,1,0,2
BRDA:15,1,1,7
BRDA:17,2,0,2
BRDA:17,2,1,5
BRDA:22,3,0,1
BRDA:22,3,1,1
BRDA:24,4,0,0
BRDA:24,4,1,1
BRF:10
BRH:9
end_of_record
TN:
SF:src/lib/behaviortree/nodes/core/sequence.ts
FN:7,evaluate
FNF:1
FNH:1
FNDA:4,evaluate
DA:5,1
DA:8,4
DA:10,4
DA:11,6
DA:13,2
DA:14,2
DA:16,3
DA:19,1
DA:23,3
LF:9
LH:9
BRDA:11,0,0,2
BRDA:11,0,1,3
BRDA:11,0,2,1
BRDA:11,0,3,1
BRDA:23,1,0,1
BRDA:23,1,1,2
BRF:6
BRH:6
end_of_record
TN:
SF:src/lib/behaviortree/nodes/core/timer.ts
FN:36,deltaTimer
FN:40,evaluate
FN:57,reset
FN:24,constructor
FNF:4
FNH:4
FNDA:22,deltaTimer
FNDA:5,evaluate
FNDA:3,reset
FNDA:7,constructor
DA:25,7
DA:26,7
DA:27,7
DA:29,7
DA:37,22
DA:41,5
DA:43,5
DA:44,0
DA:47,5
DA:48,3
DA:49,3
DA:51,3
DA:53,2
DA:58,3
LF:14
LH:13
BRDA:43,0,0,0
BRDA:43,0,1,5
BRDA:47,1,0,3
BRDA:47,1,1,2
BRDA:27,2,0,7
BRDA:27,2,1,5
BRDA:32,3,0,7
BRDA:32,3,1,5
BRF:8
BRH:7
end_of_record
TN:
SF:src/lib/behaviortree/values/random-number.ts
FN:10,value
FN:4,constructor
FNF:2
FNH:0
FNDA:0,value
FNDA:0,constructor
DA:5,0
DA:6,0
DA:7,0
DA:11,0
DA:13,0
DA:15,0
LF:6
LH:0
BRDA:13,0,0,0
BRDA:13,0,1,0
BRF:2
BRH:0
end_of_record
TN:
SF:src/lib/behaviortree/values/static-value.ts
FN:6,value
FN:4,constructor
FNF:2
FNH:2
FNDA:10,value
FNDA:2,constructor
DA:4,2
DA:7,10
LF:2
LH:2
BRF:0
BRH:0
end_of_record
TN:
SF:src/lib/behaviortree/values/value.ts
FN:6,static
FN:10,randomNumber
FNF:2
FNH:2
FNDA:1,static
FNDA:1,randomNumber
DA:7,2
DA:15,0
LF:2
LH:1
BRF:0
BRH:0
end_of_record
TN:
SF:src/lib/math/angle.ts
FN:18,(anonymous_0)
FNF:1
FNH:1
FNDA:12774,(anonymous_0)
DA:1,15
DA:7,15
DA:18,15
DA:22,12774
DA:24,12774
LF:5
LH:5
BRDA:20,0,0,12774
BRF:1
BRH:1
end_of_record
TN:
SF:src/lib/math/vector2.ts
FN:15,angle
FN:19,distance
FN:23,scale
FN:33,min
FN:43,max
FN:47,lerp
FN:54,subtracts
FN:58,multiplies
FN:62,divides
FN:77,adds
FN:84,magnitude
FN:88,normalized
FN:97,equals
FN:101,toString
FN:6,constructor
FNF:15
FNH:14
FNDA:32,angle
FNDA:32,distance
FNDA:32,scale
FNDA:32,min
FNDA:32,max
FNDA:32,lerp
FNDA:32,subtracts
FNDA:32,multiplies
FNDA:32,divides
FNDA:32,adds
FNDA:3,magnitude
FNDA:1,normalized
FNDA:2,equals
FNDA:0,toString
FNDA:9333,constructor
DA:2,32
DA:6,9333
DA:16,9
DA:20,28
DA:24,1
DA:34,1
DA:44,1
DA:48,1
DA:55,2
DA:59,1
DA:67,3243
DA:68,3243
DA:69,3243
DA:70,3242
DA:71,3242
DA:74,3243
DA:78,0
DA:85,3
DA:89,1
DA:91,1
DA:98,2
DA:102,0
LF:22
LH:20
BRDA:69,0,0,3242
BRDA:69,0,1,1
BRDA:92,1,0,1
BRDA:92,1,1,0
BRDA:93,2,0,1
BRDA:93,2,1,0
BRDA:98,3,0,2
BRDA:98,3,1,1
BRF:8
BRH:6
end_of_record
TN:
SF:src/lib/navigation/astar.ts
FN:5,(anonymous_0)
FN:30,calculateF
FN:34,equals
FN:42,toString
FN:25,constructor
FN:59,(anonymous_5)
FN:75,(anonymous_6)
FN:127,(anonymous_7)
FN:132,(anonymous_8)
FN:138,(anonymous_9)
FN:153,(anonymous_10)
FN:166,(anonymous_11)
FN:170,(anonymous_12)
FN:197,(anonymous_13)
FN:211,(anonymous_14)
FN:219,(anonymous_15)
FN:239,(anonymous_16)
FN:251,(anonymous_17)
FN:331,(anonymous_18)
FN:399,(anonymous_19)
FN:422,(anonymous_20)
FN:517,(anonymous_21)
FN:540,(anonymous_22)
FN:545,(anonymous_23)
FN:573,(anonymous_24)
FN:619,(anonymous_25)
FN:675,(anonymous_26)
FNF:27
FNH:26
FNDA:1136,(anonymous_0)
FNDA:3397,calculateF
FNDA:1037,equals
FNDA:0,toString
FNDA:5252,constructor
FNDA:1039,(anonymous_5)
FNDA:80,(anonymous_6)
FNDA:1394,(anonymous_7)
FNDA:1394,(anonymous_8)
FNDA:141,(anonymous_9)
FNDA:17217,(anonymous_10)
FNDA:6056,(anonymous_11)
FNDA:209,(anonymous_12)
FNDA:5155,(anonymous_13)
FNDA:964,(anonymous_14)
FNDA:7712,(anonymous_15)
FNDA:3400,(anonymous_16)
FNDA:3306,(anonymous_17)
FNDA:91,(anonymous_18)
FNDA:3,(anonymous_19)
FNDA:971,(anonymous_20)
FNDA:26,(anonymous_21)
FNDA:10,(anonymous_22)
FNDA:5,(anonymous_23)
FNDA:11,(anonymous_24)
FNDA:101,(anonymous_25)
FNDA:588,(anonymous_26)
DA:5,21
DA:6,1136
DA:13,5252
DA:18,5252
DA:23,5252
DA:26,5252
DA:27,5252
DA:31,3397
DA:35,1037
DA:36,1037
DA:39,0
DA:43,0
DA:59,21
DA:60,1039
DA:61,1039
DA:62,4776
DA:63,4776
DA:64,596
DA:65,4180
DA:66,698
DA:70,1039
DA:75,21
DA:76,80
DA:77,80
DA:79,80
DA:80,80
DA:81,580
DA:82,580
DA:85,80
DA:87,80
DA:90,21
DA:127,21
DA:128,1394
DA:132,21
DA:133,1394
DA:134,1361
DA:137,33
DA:138,141
DA:139,1394
DA:141,1394
DA:142,141
DA:145,808
DA:149,33
DA:153,21
DA:158,17217
DA:159,1560
DA:162,15657
DA:166,21
DA:167,6056
DA:170,21
DA:174,209
DA:176,209
DA:197,21
DA:204,5155
DA:205,2912
DA:208,2243
DA:211,21
DA:215,964
DA:216,964
DA:218,964
DA:220,7712
DA:223,7712
DA:224,2557
DA:227,5155
DA:228,208
DA:231,4947
DA:236,21
DA:237,21
DA:239,21
DA:240,3400
DA:241,3400
DA:242,3400
DA:244,3400
DA:251,21
DA:252,3306
DA:331,21
DA:337,91
DA:338,91
DA:339,91
DA:340,91
DA:342,91
DA:343,91
DA:346,91
DA:347,91
DA:349,91
DA:350,1038
DA:351,1
DA:354,1037
DA:355,1037
DA:357,1037
DA:358,1037
DA:359,1037
DA:360,1037
DA:362,1037
DA:363,78
DA:366,959
DA:367,4928
DA:368,4928
DA:369,1622
DA:372,3306
DA:374,3306
DA:375,3306
DA:377,3306
DA:378,3306
DA:379,1516
DA:380,1252
DA:382,264
DA:385,2054
DA:386,2054
DA:390,12
DA:399,21
DA:400,3
DA:401,3
DA:408,3
DA:422,21
DA:427,971
DA:428,1
DA:431,970
DA:432,970
DA:433,970
DA:434,970
DA:435,970
DA:436,971
DA:437,971
DA:438,971
DA:440,971
DA:441,971
DA:443,971
DA:444,939
DA:445,939
DA:446,939
DA:447,1854
DA:448,1854
DA:449,1854
DA:450,392
DA:451,392
DA:452,392
DA:453,392
DA:454,36
DA:455,0
DA:457,356
DA:458,4
DA:459,0
DA:461,352
DA:465,28
DA:468,1826
DA:469,188
DA:471,1638
DA:474,31
DA:475,31
DA:476,31
DA:477,76
DA:478,76
DA:479,76
DA:480,44
DA:481,44
DA:482,44
DA:483,44
DA:484,16
DA:485,0
DA:487,28
DA:488,28
DA:489,0
DA:491,0
DA:495,0
DA:498,76
DA:499,0
DA:501,76
DA:505,754
DA:517,21
DA:518,26
DA:519,26
DA:521,26
DA:540,21
DA:544,10
DA:545,5
DA:548,7
DA:549,7
DA:551,7
DA:552,28
DA:556,6
DA:557,6
DA:561,7
DA:563,7
DA:573,21
DA:578,11
DA:579,1
DA:582,10
DA:584,13
DA:586,13
DA:587,45
DA:588,165
DA:589,165
DA:590,92
DA:593,73
DA:594,73
DA:595,17
DA:596,17
DA:601,13
DA:602,8
DA:606,2
DA:619,21
DA:630,101
DA:632,101
DA:633,1
DA:635,100
DA:636,2
DA:639,98
DA:640,98
DA:641,8
DA:646,98
DA:647,2
DA:650,96
DA:651,8
DA:659,88
DA:666,101
DA:667,12
DA:675,588
DA:677,76
LF:219
LH:210
BRDA:6,0,0,1136
BRDA:6,0,1,168
BRDA:35,1,0,1037
BRDA:35,1,1,0
BRDA:26,2,0,5252
BRDA:63,3,0,596
BRDA:63,3,1,4180
BRDA:65,4,0,698
BRDA:65,4,1,3482
BRDA:65,5,0,4180
BRDA:65,5,1,981
BRDA:70,6,0,1039
BRDA:70,6,1,1
BRDA:133,7,0,1361
BRDA:133,7,1,33
BRDA:138,8,0,2
BRDA:138,8,1,31
BRDA:145,9,0,96
BRDA:145,9,1,712
BRDA:145,10,0,808
BRDA:145,10,1,0
BRDA:158,11,0,1560
BRDA:158,11,1,15657
BRDA:158,12,0,17217
BRDA:158,12,1,16586
BRDA:158,12,2,16140
BRDA:158,12,3,16060
BRDA:177,13,0,209
BRDA:177,13,1,208
BRDA:177,13,2,205
BRDA:177,13,3,203
BRDA:204,14,0,2912
BRDA:204,14,1,2243
BRDA:204,15,0,5155
BRDA:204,15,1,3686
BRDA:208,16,0,2243
BRDA:208,16,1,2148
BRDA:223,17,0,2557
BRDA:223,17,1,5155
BRDA:227,18,0,208
BRDA:227,18,1,4947
BRDA:252,19,0,1423
BRDA:252,19,1,1883
BRDA:252,20,0,3306
BRDA:252,20,1,2313
BRDA:350,21,0,1
BRDA:350,21,1,1037
BRDA:362,22,0,78
BRDA:362,22,1,959
BRDA:368,23,0,1622
BRDA:368,23,1,3306
BRDA:378,24,0,1516
BRDA:378,24,1,1790
BRDA:379,25,0,1252
BRDA:379,25,1,264
BRDA:408,26,0,1
BRDA:408,26,1,2
BRDA:427,27,0,1
BRDA:427,27,1,970
BRDA:435,28,0,278
BRDA:435,28,1,692
BRDA:436,29,0,172
BRDA:436,29,1,798
BRDA:443,30,0,939
BRDA:443,30,1,31
BRDA:449,31,0,392
BRDA:449,31,1,1462
BRDA:453,32,0,36
BRDA:453,32,1,356
BRDA:454,33,0,0
BRDA:454,33,1,36
BRDA:457,34,0,4
BRDA:457,34,1,352
BRDA:458,35,0,0
BRDA:458,35,1,4
BRDA:461,36,0,28
BRDA:461,36,1,324
BRDA:462,37,0,352
BRDA:462,37,1,349
BRDA:468,38,0,188
BRDA:468,38,1,1638
BRDA:479,39,0,44
BRDA:479,39,1,32
BRDA:483,40,0,16
BRDA:483,40,1,28
BRDA:484,41,0,0
BRDA:484,41,1,16
BRDA:487,42,0,28
BRDA:487,42,1,0
BRDA:488,43,0,0
BRDA:488,43,1,28
BRDA:491,44,0,0
BRDA:491,44,1,0
BRDA:492,45,0,0
BRDA:492,45,1,0
BRDA:498,46,0,0
BRDA:498,46,1,76
BRDA:521,47,0,26
BRDA:521,47,1,26
BRDA:521,47,2,16
BRDA:544,48,0,3
BRDA:544,48,1,7
BRDA:552,49,0,6
BRDA:552,49,1,22
BRDA:553,50,0,28
BRDA:553,50,1,26
BRDA:576,51,0,11
BRDA:578,52,0,1
BRDA:578,52,1,10
BRDA:589,53,0,92
BRDA:589,53,1,73
BRDA:589,54,0,165
BRDA:589,54,1,128
BRDA:594,55,0,17
BRDA:594,55,1,56
BRDA:601,56,0,8
BRDA:601,56,1,5
BRDA:623,57,0,101
BRDA:625,58,0,101
BRDA:627,59,0,101
BRDA:632,60,0,1
BRDA:632,60,1,100
BRDA:635,61,0,2
BRDA:635,61,1,98
BRDA:640,62,0,8
BRDA:640,62,1,90
BRDA:642,63,0,7
BRDA:642,63,1,1
BRDA:646,64,0,2
BRDA:646,64,1,96
BRDA:650,65,0,8
BRDA:650,65,1,88
BRDA:663,66,0,88
BRDA:663,66,1,87
BRDA:666,67,0,12
BRDA:666,67,1,89
BRDA:668,68,0,1
BRDA:668,68,1,11
BRDA:679,69,0,5
BRDA:679,69,1,71
BRF:140
BRH:128
end_of_record
TN:
SF:src/lib/test/utils.ts
FN:1,(anonymous_0)
FN:2,(anonymous_1)
FNF:2
FNH:2
FNDA:2,(anonymous_0)
FNDA:4,(anonymous_1)
DA:1,2
DA:2,4
LF:2
LH:2
BRF:0
BRH:0
end_of_record
TN:
SF:src/test/cd-assets.ts
FN:17,cdDir
FN:22,cdPath
FN:27,hasCdFile
FN:32,readCdFile
FNF:4
FNH:3
FNDA:2,cdDir
FNDA:2,cdPath
FNDA:2,hasCdFile
FNDA:0,readCdFile
DA:14,2
DA:18,2
DA:23,2
DA:28,2
DA:33,0
LF:5
LH:4
BRDA:18,0,0,2
BRDA:18,0,1,2
BRF:2
BRH:2
end_of_record
TN:
SF:src/test/pcx-fixture.ts
FN:36,greyscalePalette
FN:47,encodeScanline
FN:69,buildPcx
FN:86,(anonymous_3)
FNF:4
FNH:4
FNDA:18,greyscalePalette
FNDA:4427,encodeScanline
FNDA:28,buildPcx
FNDA:140,(anonymous_3)
DA:10,5
DA:37,18
DA:38,18
DA:39,4608
DA:40,4608
DA:41,4608
DA:43,18
DA:48,4427
DA:49,4427
DA:50,4427
DA:51,69100
DA:52,69100
DA:53,69100
DA:54,2608897
DA:58,69100
DA:59,64883
DA:61,4217
DA:63,69100
DA:65,4427
DA:78,28
DA:80,28
DA:81,28
DA:82,28
DA:83,28
DA:84,28
DA:86,28
DA:87,140
DA:88,140
DA:91,28
DA:92,28
DA:93,28
DA:94,28
DA:95,28
DA:96,28
DA:98,28
DA:99,4427
DA:100,4427
DA:101,2677989
DA:103,4427
DA:106,28
DA:107,27
DA:108,27
DA:109,20736
DA:113,28
LF:44
LH:44
BRDA:53,0,0,69100
BRDA:53,0,1,2673996
BRDA:53,0,2,2669569
BRDA:58,1,0,64883
BRDA:58,1,1,4217
BRDA:58,2,0,69100
BRDA:58,2,1,4242
BRDA:73,3,0,28
BRDA:75,4,0,28
BRDA:76,5,0,28
BRDA:77,6,0,28
BRDA:81,7,0,28
BRDA:81,7,1,27
BRDA:83,8,0,28
BRDA:83,8,1,27
BRDA:84,9,0,28
BRDA:84,9,1,27
BRDA:95,10,0,28
BRDA:95,10,1,27
BRDA:106,11,0,27
BRDA:106,11,1,1
BRDA:109,12,0,20736
BRDA:109,12,1,0
BRF:23
BRH:22
end_of_record
TN:
SF:src/views/atlas.tsx
FN:41,useArtFile
FN:44,(anonymous_1)
FN:46,(anonymous_2)
FN:49,(anonymous_3)
FN:59,(anonymous_4)
FN:64,(anonymous_5)
FN:73,(anonymous_6)
FN:89,AtlasCanvas
FN:104,(anonymous_8)
FN:169,Stat
FN:188,Atlas
FN:194,(anonymous_11)
FN:246,(anonymous_12)
FN:254,(anonymous_13)
FN:266,(anonymous_14)
FNF:15
FNH:12
FNDA:8,useArtFile
FNDA:4,(anonymous_1)
FNDA:4,(anonymous_2)
FNDA:4,(anonymous_3)
FNDA:2,(anonymous_4)
FNDA:2,(anonymous_5)
FNDA:4,(anonymous_6)
FNDA:2,AtlasCanvas
FNDA:2,(anonymous_8)
FNDA:10,Stat
FNDA:8,Atlas
FNDA:8,(anonymous_11)
FNDA:0,(anonymous_12)
FNDA:0,(anonymous_13)
FNDA:0,(anonymous_14)
DA:16,2
DA:19,2
DA:27,2
DA:28,2
DA:42,8
DA:44,8
DA:45,4
DA:46,4
DA:48,4
DA:50,4
DA:51,1
DA:55,3
DA:56,3
DA:57,3
DA:60,2
DA:61,2
DA:65,2
DA:66,2
DA:73,4
DA:74,4
DA:81,8
DA:102,2
DA:104,2
DA:105,2
DA:106,2
DA:107,0
DA:109,2
DA:111,2
DA:112,2
DA:115,0
DA:116,0
DA:117,0
DA:118,0
DA:120,0
DA:121,0
DA:122,0
DA:123,0
DA:124,0
DA:125,0
DA:126,0
DA:128,0
DA:129,0
DA:130,0
DA:132,0
DA:135,0
DA:136,0
DA:137,0
DA:138,0
DA:139,0
DA:140,0
DA:150,2
DA:170,10
DA:189,8
DA:190,8
DA:191,8
DA:192,8
DA:194,8
DA:195,8
DA:196,6
DA:198,2
DA:199,2
DA:200,2
DA:201,6400
DA:202,3200
DA:205,2
DA:213,8
DA:246,0
DA:254,0
DA:266,0
LF:69
LH:44
BRDA:50,0,0,1
BRDA:50,0,1,3
BRDA:52,1,0,1
BRDA:52,1,1,0
BRDA:60,2,0,2
BRDA:60,2,1,0
BRDA:65,3,0,2
BRDA:65,3,1,0
BRDA:68,4,0,2
BRDA:68,4,1,0
BRDA:81,5,0,4
BRDA:81,5,1,4
BRDA:106,6,0,0
BRDA:106,6,1,2
BRDA:111,7,0,2
BRDA:111,7,1,0
BRDA:120,8,0,0
BRDA:120,8,1,0
BRDA:135,9,0,0
BRDA:135,9,1,0
BRDA:188,10,0,8
BRDA:195,11,0,6
BRDA:195,11,1,2
BRDA:201,12,0,3200
BRDA:201,12,1,3200
BRDA:221,13,0,8
BRDA:221,13,1,2
BRDA:226,14,0,2
BRDA:226,14,1,0
BRDA:280,15,0,8
BRDA:280,15,1,4
BRDA:282,16,0,8
BRDA:282,16,1,2
BRDA:298,17,0,8
BRDA:298,17,1,2
BRF:35
BRH:24
end_of_record
TN:
SF:src/views/game.tsx
FN:27,(anonymous_0)
FN:39,parseViewport
FN:54,serializeViewport
FN:58,Game
FN:70,(anonymous_4)
FN:77,(anonymous_5)
FN:90,handleToggleDebugFlag
FN:116,handleViewportChange
FN:118,(anonymous_8)
FN:127,(anonymous_9)
FN:128,(anonymous_10)
FN:137,(anonymous_11)
FN:138,(anonymous_12)
FN:139,(anonymous_13)
FN:159,(anonymous_14)
FN:173,(anonymous_15)
FN:204,(anonymous_16)
FNF:17
FNH:0
FNDA:0,(anonymous_0)
FNDA:0,parseViewport
FNDA:0,serializeViewport
FNDA:0,Game
FNDA:0,(anonymous_4)
FNDA:0,(anonymous_5)
FNDA:0,handleToggleDebugFlag
FNDA:0,handleViewportChange
FNDA:0,(anonymous_8)
FNDA:0,(anonymous_9)
FNDA:0,(anonymous_10)
FNDA:0,(anonymous_11)
FNDA:0,(anonymous_12)
FNDA:0,(anonymous_13)
FNDA:0,(anonymous_14)
FNDA:0,(anonymous_15)
FNDA:0,(anonymous_16)
DA:16,1
DA:26,1
DA:28,0
DA:33,1
DA:36,1
DA:42,0
DA:43,0
DA:44,0
DA:46,0
DA:47,0
DA:48,0
DA:50,0
DA:55,0
DA:59,0
DA:60,0
DA:61,0
DA:62,0
DA:63,0
DA:64,0
DA:65,0
DA:70,0
DA:76,0
DA:77,0
DA:78,0
DA:91,0
DA:92,0
DA:93,0
DA:95,0
DA:98,0
DA:99,0
DA:100,0
DA:101,0
DA:103,0
DA:106,0
DA:114,0
DA:117,0
DA:118,0
DA:119,0
DA:120,0
DA:121,0
DA:127,0
DA:128,0
DA:134,0
DA:135,0
DA:137,0
DA:138,0
DA:139,0
DA:145,0
DA:146,0
DA:149,0
DA:150,0
DA:160,0
DA:174,0
DA:191,0
DA:205,0
LF:55
LH:4
BRDA:28,0,0,0
BRDA:28,0,1,0
BRDA:43,1,0,0
BRDA:43,1,1,0
BRDA:47,2,0,0
BRDA:47,2,1,0
BRDA:47,3,0,0
BRDA:47,3,1,0
BRDA:62,4,0,0
BRDA:62,4,1,0
BRDA:92,5,0,0
BRDA:92,5,1,0
BRDA:100,6,0,0
BRDA:100,6,1,0
BRDA:145,7,0,0
BRDA:145,7,1,0
BRDA:149,8,0,0
BRDA:149,8,1,0
BRDA:149,9,0,0
BRDA:149,9,1,0
BRDA:153,10,0,0
BRDA:153,10,1,0
BRDA:155,11,0,0
BRDA:155,11,1,0
BRDA:162,12,0,0
BRDA:162,12,1,0
BRDA:167,13,0,0
BRDA:167,13,1,0
BRDA:169,14,0,0
BRDA:169,14,1,0
BRDA:176,15,0,0
BRDA:176,15,1,0
BRDA:214,16,0,0
BRDA:214,16,1,0
BRF:34
BRH:0
end_of_record
TN:
SF:src/views/home.tsx
FN:7,PickerCard
FN:38,Home
FN:51,(anonymous_2)
FN:58,(anonymous_3)
FN:67,(anonymous_4)
FN:74,(anonymous_5)
FNF:6
FNH:4
FNDA:3,PickerCard
FNDA:1,Home
FNDA:1,(anonymous_2)
FNDA:0,(anonymous_3)
FNDA:2,(anonymous_4)
FNDA:0,(anonymous_5)
DA:20,3
DA:39,1
DA:40,1
DA:42,1
DA:52,1
DA:58,0
DA:68,2
DA:74,0
LF:8
LH:6
BRDA:26,0,0,2
BRDA:26,0,1,1
BRF:2
BRH:2
end_of_record
