TN:
SF:src/app.tsx
FN:9,App
FNF:1
FNH:1
FNDA:1,App
DA:10,1
LF:1
LH:1
BRF:0
BRH:0
end_of_record
TN:
SF:src/components/debug-overlay.tsx
FN:34,DebugOverlay
FN:62,(anonymous_1)
FN:62,(anonymous_2)
FN:70,(anonymous_3)
FN:76,(anonymous_4)
FNF:5
FNH:5
FNDA:5,DebugOverlay
FNDA:2,(anonymous_1)
FNDA:2,(anonymous_2)
FNDA:4,(anonymous_3)
FNDA:1,(anonymous_4)
DA:40,5
DA:42,5
DA:62,2
DA:71,4
DA:76,1
LF:5
LH:5
BRDA:44,0,0,5
BRDA:44,0,1,5
BRDA:55,1,0,0
BRDA:55,1,1,5
BRDA:65,2,0,2
BRDA:65,2,1,3
BRDA:68,3,0,5
BRDA:68,3,1,2
BRF:8
BRH:7
end_of_record
TN:
SF:src/components/game-canvas.tsx
FN:41,drawTiledMap
FN:104,damageAllUnits
FN:111,drawGrid
FN:152,GameCanvas
FN:173,(anonymous_4)
FN:174,(anonymous_5)
FN:178,(anonymous_6)
FN:189,(anonymous_7)
FN:194,(anonymous_8)
FN:212,(anonymous_9)
FN:214,(anonymous_10)
FN:242,(anonymous_11)
FN:249,(anonymous_12)
FN:266,(anonymous_13)
FN:305,(anonymous_14)
FN:317,(anonymous_15)
FN:326,(anonymous_16)
FN:329,(anonymous_17)
FN:344,(anonymous_18)
FN:357,(anonymous_19)
FN:363,(anonymous_20)
FN:365,(anonymous_21)
FN:379,(anonymous_22)
FN:384,(anonymous_23)
FN:385,(anonymous_24)
FNF:25
FNH:13
FNDA:0,drawTiledMap
FNDA:0,damageAllUnits
FNDA:0,drawGrid
FNDA:3,GameCanvas
FNDA:2,(anonymous_4)
FNDA:2,(anonymous_5)
FNDA:3,(anonymous_6)
FNDA:3,(anonymous_7)
FNDA:3,(anonymous_8)
FNDA:0,(anonymous_9)
FNDA:3,(anonymous_10)
FNDA:0,(anonymous_11)
FNDA:0,(anonymous_12)
FNDA:0,(anonymous_13)
FNDA:0,(anonymous_14)
FNDA:0,(anonymous_15)
FNDA:2,(anonymous_16)
FNDA:2,(anonymous_17)
FNDA:0,(anonymous_18)
FNDA:0,(anonymous_19)
FNDA:2,(anonymous_20)
FNDA:0,(anonymous_21)
FNDA:3,(anonymous_22)
FNDA:1,(anonymous_23)
FNDA:1,(anonymous_24)
DA:30,2
DA:45,0
DA:46,0
DA:47,0
DA:51,0
DA:53,0
DA:83,0
DA:84,0
DA:85,0
DA:86,0
DA:87,0
DA:91,0
DA:95,2
DA:105,0
DA:106,0
DA:112,0
DA:113,0
DA:114,0
DA:116,0
DA:117,0
DA:119,0
DA:161,3
DA:162,3
DA:163,3
DA:164,3
DA:165,3
DA:168,3
DA:169,3
DA:173,3
DA:174,3
DA:178,3
DA:179,3
DA:180,3
DA:181,3
DA:182,3
DA:183,3
DA:188,3
DA:189,3
DA:190,3
DA:191,3
DA:194,3
DA:195,3
DA:196,3
DA:197,0
DA:200,3
DA:211,3
DA:212,3
DA:214,3
DA:215,3
DA:216,3
DA:227,3
DA:228,1
DA:229,1
DA:232,2
DA:233,2
DA:235,2
DA:240,2
DA:241,2
DA:242,2
DA:243,0
DA:249,2
DA:250,0
DA:261,2
DA:266,3
DA:267,0
DA:275,3
DA:277,3
DA:278,0
DA:279,0
DA:280,0
DA:286,0
DA:289,2
DA:290,0
DA:292,2
DA:297,2
DA:298,0
DA:299,0
DA:300,0
DA:301,0
DA:302,0
DA:305,2
DA:310,2
DA:312,3
DA:313,3
DA:314,3
DA:317,3
DA:318,0
DA:319,0
DA:325,3
DA:326,3
DA:329,3
DA:330,2
DA:331,2
DA:332,2
DA:337,0
DA:338,0
DA:341,3
DA:342,3
DA:344,3
DA:345,0
DA:347,0
DA:349,0
DA:357,3
DA:358,0
DA:359,0
DA:362,3
DA:363,3
DA:365,3
DA:367,0
DA:368,0
DA:369,0
DA:370,0
DA:376,3
DA:379,3
DA:380,3
DA:381,3
DA:382,3
DA:383,3
DA:384,3
DA:385,3
DA:388,3
DA:389,3
DA:390,3
DA:391,3
DA:392,2
DA:393,2
DA:397,2
DA:402,3
LF:128
LH:82
BRDA:188,0,0,0
BRDA:188,0,1,3
BRDA:196,1,0,0
BRDA:196,1,1,3
BRDA:227,2,0,1
BRDA:227,2,1,2
BRDA:264,3,0,2
BRDA:264,3,1,2
BRDA:267,4,0,0
BRDA:267,4,1,0
BRDA:277,5,0,0
BRDA:277,5,1,3
BRDA:289,6,0,0
BRDA:289,6,1,2
BRDA:297,7,0,0
BRDA:297,7,1,2
BRDA:310,8,0,0
BRDA:310,8,1,2
BRDA:332,9,0,0
BRDA:332,9,1,2
BRDA:358,10,0,0
BRDA:358,10,1,0
BRDA:391,11,0,2
BRDA:391,11,1,1
BRF:24
BRH:13
end_of_record
TN:
SF:src/game/game-loop.ts
FN:48,tick
FN:53,accumulatedTime
FN:63,advance
FN:79,reset
FN:41,constructor
FNF:5
FNH:5
FNDA:9,tick
FNDA:5,accumulatedTime
FNDA:79,advance
FNDA:1,reset
FNDA:12,constructor
DA:2,3
DA:10,3
DA:34,12
DA:35,12
DA:37,12
DA:38,12
DA:39,12
DA:42,12
DA:43,12
DA:44,12
DA:49,9
DA:54,5
DA:66,79
DA:68,79
DA:69,79
DA:70,259
DA:71,259
DA:72,259
DA:73,259
DA:75,79
DA:80,1
DA:81,1
LF:22
LH:22
BRDA:43,0,0,12
BRDA:43,0,1,4
BRDA:44,1,0,12
BRDA:44,1,1,8
BRF:4
BRH:4
end_of_record
TN:
SF:src/game/data/spawn.ts
FN:38,spawnUnit
FN:74,spawnInitialUnits
FNF:2
FNH:2
FNDA:18,spawnUnit
FNDA:1,spawnInitialUnits
DA:10,6
DA:20,6
DA:42,18
DA:43,18
DA:45,18
DA:62,18
DA:63,8
DA:66,18
DA:75,1
DA:76,1
DA:78,1
DA:79,4
DA:80,4
DA:81,4
LF:14
LH:14
BRDA:62,0,0,8
BRDA:62,0,1,10
BRF:2
BRH:2
end_of_record
TN:
SF:src/game/data/units.ts
FNF:0
FNH:0
DA:23,6
LF:1
LH:1
BRF:0
BRH:0
end_of_record
TN:
SF:src/game/ecs/system.ts
FN:25,add
FN:31,order
FN:36,run
FN:20,constructor
FNF:4
FNH:4
FNDA:3,add
FNDA:2,order
FNDA:4,run
FNDA:7,constructor
DA:18,7
DA:21,7
DA:26,3
DA:27,3
DA:32,2
DA:37,4
DA:38,6
LF:7
LH:7
BRDA:20,0,0,7
BRF:1
BRH:1
end_of_record
TN:
SF:src/game/ecs/world.ts
FN:14,createQueries
FNF:1
FNH:1
FNDA:34,createQueries
DA:15,34
DA:34,6
DA:37,6
LF:3
LH:3
BRF:0
BRH:0
end_of_record
TN:
SF:src/game/map/loadTiledMap.ts
FN:22,isTerrainType
FN:48,constructor
FN:54,findLayer
FN:60,(anonymous_3)
FN:65,parseSpawns
FN:66,(anonymous_5)
FN:80,parseTerrain
FN:124,parseTiledMap
FN:162,parseTiledTileset
FN:185,fetchText
FN:197,loadTiledMap
FNF:11
FNH:11
FNDA:6,isTerrainType
FNDA:5,constructor
FNDA:10,findLayer
FNDA:14,(anonymous_3)
FNDA:2,parseSpawns
FNDA:4,(anonymous_5)
FNDA:4,parseTerrain
FNDA:7,parseTiledMap
FNDA:2,parseTiledTileset
FNDA:2,fetchText
FNDA:1,loadTiledMap
DA:14,3
DA:16,3
DA:23,6
DA:49,5
DA:50,5
DA:59,10
DA:61,14
DA:66,2
DA:67,4
DA:68,0
DA:73,4
DA:85,4
DA:86,1
DA:90,3
DA:91,0
DA:96,3
DA:97,3
DA:99,3
DA:100,130
DA:101,130
DA:102,8258
DA:103,8258
DA:104,8258
DA:105,8258
DA:106,1
DA:110,8257
DA:111,8257
DA:113,129
DA:116,2
DA:128,7
DA:129,1
DA:134,6
DA:135,6
DA:136,2
DA:139,4
DA:140,4
DA:141,0
DA:144,4
DA:145,4
DA:147,4
DA:163,2
DA:164,2
DA:165,0
DA:168,2
DA:169,2
DA:170,6
DA:171,6
DA:172,6
DA:176,6
DA:177,0
DA:179,6
DA:182,2
DA:186,2
DA:187,2
DA:188,0
DA:190,2
DA:198,1
DA:200,1
DA:201,1
DA:202,0
DA:205,1
DA:206,1
DA:208,1
DA:209,1
DA:210,3
DA:213,1
LF:66
LH:59
BRDA:61,0,0,14
BRDA:61,0,1,8
BRDA:67,1,0,0
BRDA:67,1,1,4
BRDA:85,2,0,1
BRDA:85,2,1,3
BRDA:85,3,0,4
BRDA:85,3,1,3
BRDA:90,4,0,0
BRDA:90,4,1,3
BRDA:105,5,0,1
BRDA:105,5,1,8257
BRDA:111,6,0,729
BRDA:111,6,1,7528
BRDA:128,7,0,1
BRDA:128,7,1,6
BRDA:135,8,0,2
BRDA:135,8,1,4
BRDA:140,9,0,0
BRDA:140,9,1,4
BRDA:164,10,0,0
BRDA:164,10,1,2
BRDA:171,11,0,0
BRDA:171,11,1,6
BRDA:176,12,0,0
BRDA:176,12,1,6
BRDA:176,13,0,6
BRDA:176,13,1,6
BRDA:176,13,2,6
BRDA:187,14,0,0
BRDA:187,14,1,2
BRDA:201,15,0,0
BRDA:201,15,1,1
BRDA:201,16,0,1
BRDA:201,16,1,1
BRF:35
BRH:27
end_of_record
TN:
SF:src/game/maps/index.ts
FN:20,(anonymous_0)
FN:38,resolveMap
FN:48,(anonymous_2)
FNF:3
FNH:3
FNDA:4,(anonymous_0)
FNDA:3,resolveMap
FNDA:4,(anonymous_2)
DA:6,2
DA:20,4
DA:41,3
DA:42,3
DA:44,3
DA:45,2
DA:48,4
DA:52,1
LF:8
LH:8
BRDA:41,0,0,3
BRDA:41,0,1,1
BRDA:44,1,0,2
BRDA:44,1,1,1
BRF:4
BRH:4
end_of_record
TN:
SF:src/game/render/create-game-viewport.ts
FN:19,createGameViewport
FN:43,applyViewportBounds
FNF:2
FNH:2
FNDA:6,createGameViewport
FNDA:10,applyViewportBounds
DA:5,3
DA:24,6
DA:32,6
DA:33,6
DA:35,6
DA:48,10
DA:49,10
DA:51,10
DA:56,10
LF:9
LH:9
BRF:0
BRH:0
end_of_record
TN:
SF:src/game/render/health-bar.ts
FN:36,healthBarColor
FN:51,healthBarFillWidth
FN:85,createHealthBar
FN:113,markDirtyOnHealthChange
FN:125,drawHealthBarFill
FN:141,drawDeathMark
FNF:6
FNH:6
FNDA:13,healthBarColor
FNDA:13,healthBarFillWidth
FNDA:7,createHealthBar
FNDA:9,markDirtyOnHealthChange
FNDA:8,drawHealthBarFill
FNDA:12,drawDeathMark
DA:6,4
DA:8,4
DA:10,4
DA:13,4
DA:15,4
DA:16,4
DA:19,4
DA:20,4
DA:22,4
DA:23,4
DA:24,4
DA:27,4
DA:28,4
DA:37,13
DA:38,8
DA:40,5
DA:41,3
DA:43,2
DA:56,13
DA:57,0
DA:59,13
DA:60,13
DA:86,7
DA:87,7
DA:88,7
DA:90,7
DA:94,7
DA:96,7
DA:97,7
DA:99,7
DA:117,9
DA:118,9
DA:119,5
DA:121,9
DA:126,8
DA:127,8
DA:128,8
DA:129,1
DA:131,7
DA:132,8
DA:142,12
DA:143,12
DA:144,9
DA:146,3
LF:44
LH:43
BRDA:37,0,0,8
BRDA:37,0,1,5
BRDA:40,1,0,3
BRDA:40,1,1,2
BRDA:54,2,0,13
BRDA:56,3,0,0
BRDA:56,3,1,13
BRDA:118,4,0,5
BRDA:118,4,1,4
BRDA:125,5,0,8
BRDA:128,6,0,1
BRDA:128,6,1,7
BRDA:131,7,0,7
BRDA:131,7,1,0
BRDA:143,8,0,9
BRDA:143,8,1,3
BRF:16
BRH:14
end_of_record
TN:
SF:src/game/render/render-system.ts
FN:39,drawSelectionMarks
FN:56,drawRenderable
FN:143,setHealthBarsVisible
FN:153,size
FN:165,sync
FN:192,dispose
FN:131,constructor
FN:82,(anonymous_7)
FN:115,(anonymous_8)
FNF:9
FNH:9
FNDA:2,drawSelectionMarks
FNDA:17,drawRenderable
FNDA:1,setHealthBarsVisible
FNDA:4,size
FNDA:8,sync
FNDA:3,dispose
FNDA:14,constructor
FNDA:17,(anonymous_7)
FNDA:5,(anonymous_8)
DA:30,3
DA:33,3
DA:40,2
DA:41,2
DA:42,2
DA:43,2
DA:45,2
DA:57,17
DA:58,17
DA:59,17
DA:60,0
DA:61,0
DA:63,0
DA:65,17
DA:79,14
DA:80,14
DA:82,14
DA:83,17
DA:84,17
DA:86,17
DA:87,17
DA:88,2
DA:89,2
DA:90,2
DA:91,2
DA:93,17
DA:94,6
DA:95,6
DA:96,6
DA:97,6
DA:98,6
DA:100,6
DA:101,6
DA:102,6
DA:103,6
DA:105,6
DA:111,17
DA:112,17
DA:115,14
DA:116,5
DA:117,5
DA:118,0
DA:120,5
DA:121,5
DA:122,5
DA:126,14
DA:129,14
DA:133,14
DA:136,14
DA:137,14
DA:138,14
DA:139,14
DA:144,1
DA:145,1
DA:146,1
DA:147,1
DA:154,4
DA:166,8
DA:167,8
DA:168,8
DA:170,8
DA:171,4
DA:174,8
DA:175,5
DA:176,5
DA:177,5
DA:181,8
DA:182,2
DA:183,2
DA:184,2
DA:186,2
DA:193,3
DA:194,3
DA:195,3
DA:196,1
DA:198,3
DA:199,3
LF:77
LH:73
BRDA:58,0,0,17
BRDA:58,0,1,0
BRDA:60,1,0,0
BRDA:60,1,1,0
BRDA:146,2,0,1
BRDA:146,2,1,0
BRDA:147,3,0,1
BRDA:147,3,1,0
BRDA:170,4,0,4
BRDA:170,4,1,4
BRDA:174,5,0,5
BRDA:174,5,1,3
BRDA:176,6,0,5
BRDA:176,6,1,0
BRDA:177,7,0,5
BRDA:177,7,1,5
BRDA:181,8,0,2
BRDA:181,8,1,6
BRDA:181,9,0,8
BRDA:181,9,1,2
BRDA:181,9,2,2
BRDA:183,10,0,2
BRDA:183,10,1,0
BRDA:134,11,0,14
BRDA:87,12,0,2
BRDA:87,12,1,15
BRDA:93,13,0,6
BRDA:93,13,1,11
BRDA:95,14,0,6
BRDA:95,14,1,5
BRDA:117,15,0,0
BRDA:117,15,1,5
BRF:32
BRH:24
end_of_record
TN:
SF:src/game/scenarios/debug-flags.ts
FN:12,isDebugFlag
FN:21,parseDebugFlags
FN:29,(anonymous_2)
FN:40,serializeDebugFlags
FN:41,(anonymous_4)
FNF:5
FNH:5
FNDA:11,isDebugFlag
FNDA:8,parseDebugFlags
FNDA:11,(anonymous_2)
FNDA:4,serializeDebugFlags
FNDA:8,(anonymous_4)
DA:5,5
DA:10,5
DA:13,11
DA:22,8
DA:23,2
DA:26,6
DA:29,11
DA:41,8
LF:8
LH:8
BRDA:22,0,0,2
BRDA:22,0,1,6
BRF:2
BRH:2
end_of_record
TN:
SF:src/game/scenarios/index.ts
FN:17,(anonymous_0)
FN:35,resolveScenario
FN:45,(anonymous_2)
FNF:3
FNH:3
FNDA:12,(anonymous_0)
FNDA:3,resolveScenario
FNDA:6,(anonymous_2)
DA:11,4
DA:17,12
DA:38,3
DA:39,3
DA:41,3
DA:42,2
DA:45,6
DA:49,1
LF:8
LH:8
BRDA:38,0,0,3
BRDA:38,0,1,1
BRDA:41,1,0,2
BRDA:41,1,1,1
BRF:4
BRH:4
end_of_record
TN:
SF:src/game/scenarios/test-empty.ts
FN:13,(anonymous_0)
FNF:1
FNH:0
FNDA:0,(anonymous_0)
DA:9,4
LF:1
LH:1
BRF:0
BRH:0
end_of_record
TN:
SF:src/game/scenarios/test-health.ts
FN:21,(anonymous_0)
FNF:1
FNH:0
FNDA:0,(anonymous_0)
DA:16,4
DA:21,0
LF:2
LH:1
BRF:0
BRH:0
end_of_record
TN:
SF:src/game/scenarios/test-skirmish.ts
FN:13,(anonymous_0)
FNF:1
FNH:0
FNDA:0,(anonymous_0)
DA:9,4
DA:13,0
LF:2
LH:1
BRF:0
BRH:0
end_of_record
TN:
SF:src/game/systems/input-system.ts
FN:73,drain
FN:79,dispose
FN:63,constructor
FN:38,(anonymous_3)
FN:42,(anonymous_4)
FN:98,selectAt
FN:148,createInputSystem
FN:153,(anonymous_7)
FNF:8
FNH:4
FNDA:0,drain
FNDA:2,dispose
FNDA:2,constructor
FNDA:0,(anonymous_3)
FNDA:0,(anonymous_4)
FNDA:15,selectAt
FNDA:2,createInputSystem
FNDA:0,(anonymous_7)
DA:24,3
DA:35,2
DA:36,2
DA:38,2
DA:39,0
DA:42,2
DA:43,0
DA:44,0
DA:45,0
DA:46,0
DA:49,0
DA:50,0
DA:51,0
DA:52,0
DA:55,0
DA:56,0
DA:63,2
DA:64,2
DA:69,2
DA:74,0
DA:75,0
DA:76,0
DA:80,2
DA:81,2
DA:82,2
DA:83,2
DA:105,15
DA:107,15
DA:108,23
DA:109,23
DA:110,23
DA:111,23
DA:112,23
DA:113,10
DA:115,13
DA:116,13
DA:117,13
DA:118,13
DA:122,15
DA:123,4
DA:124,3
DA:125,1
DA:127,2
DA:130,4
DA:133,11
DA:134,2
DA:135,2
DA:138,11
DA:139,9
DA:153,2
DA:154,0
DA:155,0
DA:156,0
DA:159,0
DA:160,0
DA:161,0
LF:56
LH:36
BRDA:45,0,0,0
BRDA:45,0,1,0
BRDA:51,1,0,0
BRDA:51,1,1,0
BRDA:102,2,0,15
BRDA:108,3,0,23
BRDA:108,3,1,0
BRDA:112,4,0,10
BRDA:112,4,1,13
BRDA:112,5,0,23
BRDA:112,5,1,13
BRDA:116,6,0,13
BRDA:116,6,1,0
BRDA:122,7,0,4
BRDA:122,7,1,11
BRDA:123,8,0,3
BRDA:123,8,1,1
BRDA:124,9,0,1
BRDA:124,9,1,2
BRDA:134,10,0,2
BRDA:134,10,1,0
BRDA:138,11,0,9
BRDA:138,11,1,2
BRDA:138,12,0,11
BRDA:138,12,1,9
BRDA:155,13,0,0
BRDA:155,13,1,0
BRF:27
BRH:18
end_of_record
TN:
SF:src/game/systems/spawn-system.ts
FN:25,layoutOffsets
FN:26,(anonymous_1)
FN:35,claimSpawn
FN:41,(anonymous_3)
FN:47,(anonymous_4)
FNF:5
FNH:5
FNDA:4,layoutOffsets
FNDA:6,(anonymous_1)
FNDA:5,claimSpawn
FNDA:7,(anonymous_3)
FNDA:6,(anonymous_4)
DA:14,1
DA:26,6
DA:41,7
DA:42,5
DA:43,1
DA:46,4
DA:47,4
DA:48,6
LF:8
LH:8
BRDA:42,0,0,1
BRDA:42,0,1,4
BRF:2
BRH:2
end_of_record
TN:
SF:src/lib/Cooldown.ts
FN:14,update
FN:22,reset
FN:8,constructor
FNF:3
FNH:3
FNDA:8,update
FNDA:1,reset
FNDA:5,constructor
DA:6,5
DA:8,5
DA:9,5
DA:15,8
DA:16,8
DA:17,4
DA:18,4
DA:23,1
LF:8
LH:8
BRDA:16,0,0,4
BRDA:16,0,1,4
BRF:2
BRH:2
end_of_record
TN:
SF:src/lib/GameTime.ts
FNF:0
FNH:0
DA:7,3
LF:1
LH:1
BRF:0
BRH:0
end_of_record
TN:
SF:src/lib/Range.ts
FN:13,includes
FN:17,toJSON
FN:24,toString
FN:8,constructor
FNF:4
FNH:2
FNDA:5,includes
FNDA:0,toJSON
FNDA:0,toString
FNDA:5,constructor
DA:2,1
DA:4,5
DA:6,5
DA:9,5
DA:10,5
DA:14,5
DA:18,0
DA:25,0
LF:8
LH:6
BRDA:14,0,0,5
BRDA:14,0,1,4
BRDA:8,1,0,5
BRDA:8,2,0,5
BRF:4
BRH:4
end_of_record
TN:
SF:src/lib/Timer.ts
FN:26,countdown
FN:34,expiredTime
FN:38,isElapsed
FN:42,update
FN:55,restart
FN:62,reset
FN:20,constructor
FNF:7
FNH:7
FNDA:50,countdown
FNDA:9,expiredTime
FNDA:32,isElapsed
FNDA:16,update
FNDA:6,restart
FNDA:1,reset
FNDA:20,constructor
DA:16,20
DA:17,20
DA:18,20
DA:21,20
DA:22,20
DA:23,20
DA:27,50
DA:35,9
DA:39,32
DA:43,16
DA:45,16
DA:46,10
DA:47,1
DA:56,6
DA:63,1
LF:15
LH:15
BRDA:35,0,0,2
BRDA:35,0,1,7
BRDA:45,1,0,10
BRDA:45,1,1,6
BRDA:46,2,0,1
BRDA:46,2,1,9
BRDA:22,3,0,20
BRDA:22,3,1,17
BRDA:23,4,0,20
BRDA:23,4,1,17
BRF:10
BRH:10
end_of_record
TN:
SF:src/lib/array.ts
FN:4,(anonymous_0)
FN:8,(anonymous_1)
FN:12,(anonymous_2)
FNF:3
FNH:2
FNDA:1,(anonymous_0)
FNDA:0,(anonymous_1)
FNDA:544,(anonymous_2)
DA:4,2
DA:5,1
DA:8,2
DA:10,2
DA:12,2
DA:16,544
LF:6
LH:6
BRF:0
BRH:0
end_of_record
TN:
SF:src/lib/grid.ts
FN:7,(anonymous_0)
FN:11,(anonymous_1)
FN:24,(anonymous_2)
FN:36,(anonymous_3)
FN:64,(anonymous_4)
FN:77,(anonymous_5)
FN:94,(anonymous_6)
FN:102,(anonymous_7)
FN:105,(anonymous_8)
FNF:9
FNH:8
FNDA:38,(anonymous_0)
FNDA:21,(anonymous_1)
FNDA:0,(anonymous_2)
FNDA:20,(anonymous_3)
FNDA:11,(anonymous_4)
FNDA:16,(anonymous_5)
FNDA:6,(anonymous_6)
FNDA:1,(anonymous_7)
FNDA:2,(anonymous_8)
DA:5,8
DA:7,8
DA:8,38
DA:11,8
DA:12,21
DA:24,8
DA:25,0
DA:36,8
DA:37,20
DA:38,20
DA:64,8
DA:65,11
DA:77,8
DA:78,16
DA:79,16
DA:80,2
DA:82,14
DA:83,2
DA:85,12
DA:94,8
DA:99,6
DA:102,8
DA:105,2
LF:23
LH:22
BRDA:79,0,0,2
BRDA:79,0,1,14
BRDA:79,1,0,16
BRDA:79,1,1,14
BRDA:82,2,0,2
BRDA:82,2,1,12
BRDA:82,3,0,14
BRDA:82,3,1,4
BRDA:82,3,2,3
BRF:9
BRH:9
end_of_record
TN:
SF:src/lib/object.ts
FN:7,(anonymous_0)
FN:15,(anonymous_1)
FN:18,(anonymous_2)
FNF:3
FNH:2
FNDA:3,(anonymous_0)
FNDA:2,(anonymous_1)
FNDA:0,(anonymous_2)
DA:7,1
DA:8,3
DA:9,2
DA:12,2
DA:15,1
DA:16,2
DA:18,1
DA:20,0
LF:8
LH:7
BRDA:9,0,0,1
BRDA:9,0,1,1
BRF:2
BRH:2
end_of_record
TN:
SF:src/lib/predicate.ts
FN:3,(anonymous_0)
FN:4,(anonymous_1)
FN:7,(anonymous_2)
FN:9,(anonymous_3)
FN:10,(anonymous_4)
FNF:5
FNH:4
FNDA:2,(anonymous_0)
FNDA:2,(anonymous_1)
FNDA:0,(anonymous_2)
FNDA:627,(anonymous_3)
FNDA:7358,(anonymous_4)
DA:3,3
DA:4,2
DA:7,3
DA:9,3
DA:10,7358
LF:5
LH:5
BRF:0
BRH:0
end_of_record
TN:
SF:src/lib/behaviortree/nodes/Node.ts
FN:1,(anonymous_0)
FN:20,state
FN:24,state_2
FN:28,children
FN:32,children_2
FN:33,(anonymous_5)
FN:36,attach
FN:41,detach
FN:42,(anonymous_8)
FN:46,evaluate
FN:50,getData
FN:58,getDataOfParent
FN:62,setData
FN:66,hasData
FN:70,hasChildren
FN:74,root
FN:78,running
FN:82,success
FN:86,failure
FN:16,constructor
FNF:20
FNH:17
FNDA:7,(anonymous_0)
FNDA:43,state
FNDA:59,state_2
FNDA:50,children
FNDA:81,children_2
FNDA:45,(anonymous_5)
FNDA:46,attach
FNDA:1,detach
FNDA:1,(anonymous_8)
FNDA:37,evaluate
FNDA:8,getData
FNDA:5,getDataOfParent
FNDA:0,setData
FNDA:0,hasData
FNDA:19,hasChildren
FNDA:0,root
FNDA:3,running
FNDA:8,success
FNDA:5,failure
FNDA:80,constructor
DA:1,7
DA:8,80
DA:10,80
DA:12,80
DA:14,80
DA:17,80
DA:21,43
DA:25,59
DA:29,50
DA:33,81
DA:37,46
DA:38,46
DA:42,1
DA:43,1
DA:47,37
DA:51,8
DA:52,3
DA:55,5
DA:59,5
DA:63,0
DA:67,0
DA:71,19
DA:75,0
DA:79,3
DA:83,8
DA:87,5
LF:26
LH:23
BRDA:51,0,0,3
BRDA:51,0,1,5
BRDA:59,1,0,5
BRDA:59,1,1,2
BRDA:75,2,0,0
BRDA:75,2,1,0
BRDA:16,3,0,80
BRF:7
BRH:5
end_of_record
TN:
SF:src/lib/behaviortree/nodes/core/Always.ts
FN:4,constructor
FNF:1
FNH:1
FNDA:35,constructor
DA:5,35
DA:7,35
LF:2
LH:2
BRF:0
BRH:0
end_of_record
TN:
SF:src/lib/behaviortree/nodes/core/Inverter.ts
FN:17,evaluate
FN:13,constructor
FNF:2
FNH:2
FNDA:4,evaluate
FNDA:4,constructor
DA:3,1
DA:11,1
DA:14,4
DA:18,4
DA:19,0
DA:22,4
DA:23,4
DA:24,1
DA:27,3
LF:9
LH:8
BRDA:18,0,0,0
BRDA:18,0,1,4
BRDA:23,1,0,1
BRDA:23,1,1,3
BRF:4
BRH:3
end_of_record
TN:
SF:src/lib/behaviortree/nodes/core/Parallel.ts
FN:11,evaluate
FN:7,constructor
FNF:2
FNH:2
FNDA:5,evaluate
FNDA:6,constructor
DA:5,1
DA:8,6
DA:12,5
DA:13,1
DA:16,4
DA:17,4
DA:19,4
DA:20,11
DA:22,4
DA:24,1
DA:25,1
DA:28,6
DA:29,6
DA:33,4
DA:37,2
DA:39,2
LF:16
LH:16
BRDA:12,0,0,1
BRDA:12,0,1,4
BRDA:20,1,0,4
BRDA:20,1,1,1
BRDA:20,1,2,6
BRDA:20,1,3,6
BRDA:33,2,0,2
BRDA:33,2,1,2
BRDA:34,3,0,4
BRDA:34,3,1,2
BRDA:34,3,2,3
BRDA:39,4,0,0
BRDA:39,4,1,2
BRDA:7,5,0,6
BRF:14
BRH:13
end_of_record
TN:
SF:src/lib/behaviortree/nodes/core/Selector.ts
FN:7,evaluate
FNF:1
FNH:1
FNDA:5,evaluate
DA:5,1
DA:8,5
DA:9,1
DA:12,4
DA:13,9
DA:15,9
DA:16,2
DA:17,7
DA:18,2
DA:22,2
DA:23,1
DA:24,1
DA:25,0
DA:27,1
LF:14
LH:13
BRDA:8,0,0,1
BRDA:8,0,1,4
BRDA:15,1,0,2
BRDA:15,1,1,7
BRDA:17,2,0,2
BRDA:17,2,1,5
BRDA:22,3,0,1
BRDA:22,3,1,1
BRDA:24,4,0,0
BRDA:24,4,1,1
BRF:10
BRH:9
end_of_record
TN:
SF:src/lib/behaviortree/nodes/core/Sequence.ts
FN:7,evaluate
FNF:1
FNH:1
FNDA:4,evaluate
DA:5,1
DA:8,4
DA:10,4
DA:11,6
DA:13,2
DA:14,2
DA:16,3
DA:19,1
DA:23,3
LF:9
LH:9
BRDA:11,0,0,2
BRDA:11,0,1,3
BRDA:11,0,2,1
BRDA:11,0,3,1
BRDA:23,1,0,1
BRDA:23,1,1,2
BRF:6
BRH:6
end_of_record
TN:
SF:src/lib/behaviortree/nodes/core/Timer.ts
FN:36,deltaTimer
FN:40,evaluate
FN:57,reset
FN:24,constructor
FNF:4
FNH:4
FNDA:22,deltaTimer
FNDA:5,evaluate
FNDA:3,reset
FNDA:7,constructor
DA:25,7
DA:26,7
DA:27,7
DA:29,7
DA:37,22
DA:41,5
DA:43,5
DA:44,0
DA:47,5
DA:48,3
DA:49,3
DA:51,3
DA:53,2
DA:58,3
LF:14
LH:13
BRDA:43,0,0,0
BRDA:43,0,1,5
BRDA:47,1,0,3
BRDA:47,1,1,2
BRDA:27,2,0,7
BRDA:27,2,1,5
BRDA:32,3,0,7
BRDA:32,3,1,5
BRF:8
BRH:7
end_of_record
TN:
SF:src/lib/behaviortree/values/RandomNumber.ts
FN:10,value
FN:4,constructor
FNF:2
FNH:0
FNDA:0,value
FNDA:0,constructor
DA:5,0
DA:6,0
DA:7,0
DA:11,0
DA:13,0
DA:15,0
LF:6
LH:0
BRDA:13,0,0,0
BRDA:13,0,1,0
BRF:2
BRH:0
end_of_record
TN:
SF:src/lib/behaviortree/values/StaticValue.ts
FN:6,value
FN:4,constructor
FNF:2
FNH:2
FNDA:10,value
FNDA:2,constructor
DA:4,2
DA:7,10
LF:2
LH:2
BRF:0
BRH:0
end_of_record
TN:
SF:src/lib/behaviortree/values/Value.ts
FN:6,static
FN:10,randomNumber
FNF:2
FNH:2
FNDA:1,static
FNDA:1,randomNumber
DA:7,2
DA:15,0
LF:2
LH:1
BRF:0
BRH:0
end_of_record
TN:
SF:src/lib/math/Vector2.ts
FN:15,angle
FN:19,distance
FN:23,scale
FN:33,min
FN:43,max
FN:47,lerp
FN:54,subtracts
FN:58,multiplies
FN:62,divides
FN:77,adds
FN:84,magnitude
FN:88,normalized
FN:97,equals
FN:101,toString
FN:6,constructor
FNF:15
FNH:14
FNDA:9,angle
FNDA:9,distance
FNDA:9,scale
FNDA:9,min
FNDA:9,max
FNDA:9,lerp
FNDA:9,subtracts
FNDA:9,multiplies
FNDA:9,divides
FNDA:9,adds
FNDA:3,magnitude
FNDA:1,normalized
FNDA:2,equals
FNDA:0,toString
FNDA:196,constructor
DA:2,9
DA:6,196
DA:16,9
DA:20,14
DA:24,1
DA:34,1
DA:44,1
DA:48,1
DA:55,2
DA:59,1
DA:67,39
DA:68,39
DA:69,39
DA:70,38
DA:71,38
DA:74,39
DA:78,0
DA:85,3
DA:89,1
DA:91,1
DA:98,2
DA:102,0
LF:22
LH:20
BRDA:69,0,0,38
BRDA:69,0,1,1
BRDA:92,1,0,1
BRDA:92,1,1,0
BRDA:93,2,0,1
BRDA:93,2,1,0
BRDA:98,3,0,2
BRDA:98,3,1,1
BRF:8
BRH:6
end_of_record
TN:
SF:src/lib/navigation/astar.ts
FN:6,(anonymous_0)
FN:31,calculateF
FN:35,equals
FN:43,toString
FN:26,constructor
FN:48,(anonymous_5)
FN:62,(anonymous_6)
FN:90,(anonymous_7)
FN:102,(anonymous_8)
FN:107,(anonymous_9)
FN:131,(anonymous_10)
FN:142,(anonymous_11)
FNF:12
FNH:11
FNDA:7452,(anonymous_0)
FNDA:188,calculateF
FNDA:7449,equals
FNDA:0,toString
FNDA:499,constructor
FNDA:99,(anonymous_5)
FNDA:4,(anonymous_6)
FNDA:792,(anonymous_7)
FNDA:98,(anonymous_8)
FNDA:784,(anonymous_9)
FNDA:191,(anonymous_10)
FNDA:3,(anonymous_11)
DA:6,1
DA:7,7452
DA:14,499
DA:19,499
DA:24,499
DA:27,499
DA:28,499
DA:32,188
DA:36,7449
DA:37,7449
DA:40,0
DA:44,0
DA:48,1
DA:49,99
DA:50,99
DA:51,617
DA:52,617
DA:53,219
DA:57,99
DA:62,1
DA:63,4
DA:64,4
DA:66,4
DA:67,4
DA:68,55
DA:69,55
DA:72,4
DA:74,4
DA:77,1
DA:90,1
DA:94,792
DA:102,1
DA:106,98
DA:108,784
DA:114,784
DA:115,165
DA:119,619
DA:120,247
DA:123,372
DA:128,1
DA:129,1
DA:131,1
DA:132,191
DA:133,191
DA:134,191
DA:136,191
DA:142,1
DA:143,3
DA:144,3
DA:146,3
DA:147,3
DA:149,3
DA:151,3
DA:152,97
DA:153,97
DA:154,0
DA:158,97
DA:160,97
DA:162,97
DA:163,2
DA:166,95
DA:168,95
DA:169,354
DA:170,166
DA:174,188
DA:175,188
DA:176,188
DA:178,188
DA:179,81
DA:181,81
DA:182,69
DA:186,119
DA:190,1
LF:73
LH:70
BRDA:7,0,0,7452
BRDA:7,0,1,1153
BRDA:36,1,0,7449
BRDA:36,1,1,0
BRDA:27,2,0,499
BRDA:52,3,0,219
BRDA:52,3,1,398
BRDA:57,4,0,99
BRDA:57,4,1,1
BRDA:95,5,0,792
BRDA:95,5,1,731
BRDA:95,5,2,696
BRDA:95,5,3,656
BRDA:114,6,0,165
BRDA:114,6,1,619
BRDA:119,7,0,247
BRDA:119,7,1,372
BRDA:153,8,0,0
BRDA:153,8,1,97
BRDA:162,9,0,2
BRDA:162,9,1,95
BRDA:169,10,0,166
BRDA:169,10,1,188
BRDA:178,11,0,81
BRDA:178,11,1,107
BRDA:181,12,0,69
BRDA:181,12,1,12
BRF:27
BRH:25
end_of_record
TN:
SF:src/lib/test/utils.ts
FN:1,(anonymous_0)
FN:2,(anonymous_1)
FNF:2
FNH:2
FNDA:2,(anonymous_0)
FNDA:4,(anonymous_1)
DA:1,2
DA:2,4
LF:2
LH:2
BRF:0
BRH:0
end_of_record
TN:
SF:src/views/game.tsx
FN:23,parseViewport
FN:36,serializeViewport
FN:40,Game
FN:50,(anonymous_3)
FN:57,(anonymous_4)
FN:70,handleToggleDebugFlag
FN:96,handleViewportChange
FN:98,(anonymous_7)
FN:107,(anonymous_8)
FN:108,(anonymous_9)
FN:117,(anonymous_10)
FN:118,(anonymous_11)
FN:119,(anonymous_12)
FN:132,(anonymous_13)
FN:146,(anonymous_14)
FN:177,(anonymous_15)
FNF:16
FNH:0
FNDA:0,parseViewport
FNDA:0,serializeViewport
FNDA:0,Game
FNDA:0,(anonymous_3)
FNDA:0,(anonymous_4)
FNDA:0,handleToggleDebugFlag
FNDA:0,handleViewportChange
FNDA:0,(anonymous_7)
FNDA:0,(anonymous_8)
FNDA:0,(anonymous_9)
FNDA:0,(anonymous_10)
FNDA:0,(anonymous_11)
FNDA:0,(anonymous_12)
FNDA:0,(anonymous_13)
FNDA:0,(anonymous_14)
FNDA:0,(anonymous_15)
DA:14,1
DA:17,1
DA:20,1
DA:24,0
DA:25,0
DA:26,0
DA:28,0
DA:29,0
DA:30,0
DA:32,0
DA:37,0
DA:41,0
DA:42,0
DA:43,0
DA:44,0
DA:45,0
DA:50,0
DA:56,0
DA:57,0
DA:58,0
DA:71,0
DA:72,0
DA:73,0
DA:75,0
DA:78,0
DA:79,0
DA:80,0
DA:81,0
DA:83,0
DA:86,0
DA:94,0
DA:97,0
DA:98,0
DA:99,0
DA:100,0
DA:101,0
DA:107,0
DA:108,0
DA:114,0
DA:115,0
DA:117,0
DA:118,0
DA:119,0
DA:122,0
DA:123,0
DA:133,0
DA:147,0
DA:164,0
DA:178,0
LF:49
LH:3
BRDA:25,0,0,0
BRDA:25,0,1,0
BRDA:29,1,0,0
BRDA:29,1,1,0
BRDA:29,2,0,0
BRDA:29,2,1,0
BRDA:72,3,0,0
BRDA:72,3,1,0
BRDA:80,4,0,0
BRDA:80,4,1,0
BRDA:122,5,0,0
BRDA:122,5,1,0
BRDA:122,6,0,0
BRDA:122,6,1,0
BRDA:126,7,0,0
BRDA:126,7,1,0
BRDA:128,8,0,0
BRDA:128,8,1,0
BRDA:135,9,0,0
BRDA:135,9,1,0
BRDA:140,10,0,0
BRDA:140,10,1,0
BRDA:142,11,0,0
BRDA:142,11,1,0
BRDA:149,12,0,0
BRDA:149,12,1,0
BRF:26
BRH:0
end_of_record
TN:
SF:src/views/home.tsx
FN:7,PickerCard
FN:38,Home
FN:51,(anonymous_2)
FN:58,(anonymous_3)
FN:67,(anonymous_4)
FN:74,(anonymous_5)
FNF:6
FNH:4
FNDA:5,PickerCard
FNDA:1,Home
FNDA:2,(anonymous_2)
FNDA:0,(anonymous_3)
FNDA:3,(anonymous_4)
FNDA:0,(anonymous_5)
DA:20,5
DA:39,1
DA:40,1
DA:42,1
DA:52,2
DA:58,0
DA:68,3
DA:74,0
LF:8
LH:6
BRDA:26,0,0,2
BRDA:26,0,1,3
BRF:2
BRH:2
end_of_record
